/home/aichou/uni_projects/ROBM/challenge/robm-pixi/.pixi/envs/default/lib/python3.12/site-packages/setuptools/_distutils/dist.py:289: UserWarning: Unknown distribution option: 'tests_require'
  warnings.warn(msg)
running develop
running egg_info
writing robm_tp4_nav.egg-info/PKG-INFO
writing dependency_links to robm_tp4_nav.egg-info/dependency_links.txt
writing entry points to robm_tp4_nav.egg-info/entry_points.txt
writing requirements to robm_tp4_nav.egg-info/requires.txt
writing top-level names to robm_tp4_nav.egg-info/top_level.txt
reading manifest file 'robm_tp4_nav.egg-info/SOURCES.txt'
writing manifest file 'robm_tp4_nav.egg-info/SOURCES.txt'
running build_ext
Creating /home/aichou/uni_projects/ROBM/challenge/robm-pixi/install/robm_tp4_nav/lib/python3.12/site-packages/robm-tp4-nav.egg-link (link to .)
Installing control_heading script to /home/aichou/uni_projects/ROBM/challenge/robm-pixi/install/robm_tp4_nav/lib/robm_tp4_nav
Installing line_follower script to /home/aichou/uni_projects/ROBM/challenge/robm-pixi/install/robm_tp4_nav/lib/robm_tp4_nav
Installing move script to /home/aichou/uni_projects/ROBM/challenge/robm-pixi/install/robm_tp4_nav/lib/robm_tp4_nav
Installing obstacle_avoid script to /home/aichou/uni_projects/ROBM/challenge/robm-pixi/install/robm_tp4_nav/lib/robm_tp4_nav
Installing waypoints script to /home/aichou/uni_projects/ROBM/challenge/robm-pixi/install/robm_tp4_nav/lib/robm_tp4_nav

Installed /home/aichou/uni_projects/ROBM/challenge/robm-pixi/build/robm_tp4_nav
running symlink_data
symbolically linking /home/aichou/uni_projects/ROBM/challenge/robm-pixi/build/robm_tp4_nav/resource/robm_tp4_nav -> /home/aichou/uni_projects/ROBM/challenge/robm-pixi/install/robm_tp4_nav/share/ament_index/resource_index/packages
symbolically linking /home/aichou/uni_projects/ROBM/challenge/robm-pixi/build/robm_tp4_nav/package.xml -> /home/aichou/uni_projects/ROBM/challenge/robm-pixi/install/robm_tp4_nav/share/robm_tp4_nav
symbolically linking /home/aichou/uni_projects/ROBM/challenge/robm-pixi/build/robm_tp4_nav/launch/move_launch.xml -> /home/aichou/uni_projects/ROBM/challenge/robm-pixi/install/robm_tp4_nav/share/robm_tp4_nav/launch
symbolically linking /home/aichou/uni_projects/ROBM/challenge/robm-pixi/build/robm_tp4_nav/launch/control_heading_launch.xml -> /home/aichou/uni_projects/ROBM/challenge/robm-pixi/install/robm_tp4_nav/share/robm_tp4_nav/launch
symbolically linking /home/aichou/uni_projects/ROBM/challenge/robm-pixi/build/robm_tp4_nav/launch/move_avoid_launch.xml -> /home/aichou/uni_projects/ROBM/challenge/robm-pixi/install/robm_tp4_nav/share/robm_tp4_nav/launch
