[0.798s] Invoking command in '/home/aichou/uni_projects/ROBM/challenge/robm-pixi/build/robm_tp4_nav': AMENT_PREFIX_PATH=/home/aichou/uni_projects/ROBM/challenge/robm-pixi/install/robm_bridge:/home/aichou/uni_projects/ROBM/challenge/robm-pixi/install/robm_tp4_nav:/home/aichou/uni_projects/ROBM/challenge/robm-pixi/install/robm_interfaces:/home/aichou/uni_projects/ROBM/challenge/robm-pixi/.pixi/envs/default CONDA_ENV_SHLVL_2_PIXI_PROMPT=(robm) PIXI_PROMPT=(robm) PS1=(robm) \[\e]0;\u@\h: \w\a\]${debian_chroot:+($debian_chroot)}\[\033[01;32m\]\u@\h\[\033[00m\]:\[\033[01;34m\]\w\[\033[00m\]\$ PYTHONPATH=/home/aichou/uni_projects/ROBM/challenge/robm-pixi/build/robm_tp4_nav/prefix_override:/home/aichou/uni_projects/ROBM/challenge/robm-pixi/.pixi/envs/default/lib/python3.12/site-packages/colcon_core/task/python/colcon_distutils_commands:/home/aichou/uni_projects/ROBM/challenge/robm-pixi/install/robm_tp4_nav/lib/python3.12/site-packages:/home/aichou/uni_projects/ROBM/challenge/robm-pixi/build/robm_bridge:/home/aichou/uni_projects/ROBM/challenge/robm-pixi/install/robm_bridge/lib/python3.12/site-packages:/home/aichou/uni_projects/ROBM/challenge/robm-pixi/install/robm_interfaces/lib/python3.12/site-packages:/home/aichou/uni_projects/ROBM/challenge/robm-pixi/install/robm_tp4_nav/lib/python3.12/site-packages:/home/aichou/uni_projects/ROBM/challenge/robm-pixi/.pixi/envs/default/lib/python/site-packages:/home/aichou/uni_projects/ROBM/challenge/robm-pixi/.pixi/envs/default/lib/python3.12/site-packages /home/aichou/uni_projects/ROBM/challenge/robm-pixi/.pixi/envs/default/bin/python3.12 -W ignore:setup.py install is deprecated -W ignore:easy_install command is deprecated setup.py develop --editable --build-directory /home/aichou/uni_projects/ROBM/challenge/robm-pixi/build/robm_tp4_nav/build --no-deps symlink_data --force
[0.882s] /home/aichou/uni_projects/ROBM/challenge/robm-pixi/.pixi/envs/default/lib/python3.12/site-packages/setuptools/_distutils/dist.py:289: UserWarning: Unknown distribution option: 'tests_require'
[0.882s]   warnings.warn(msg)
[0.948s] running develop
[1.046s] running egg_info
[1.055s] writing robm_tp4_nav.egg-info/PKG-INFO
[1.056s] writing dependency_links to robm_tp4_nav.egg-info/dependency_links.txt
[1.056s] writing entry points to robm_tp4_nav.egg-info/entry_points.txt
[1.056s] writing requirements to robm_tp4_nav.egg-info/requires.txt
[1.056s] writing top-level names to robm_tp4_nav.egg-info/top_level.txt
[1.075s] reading manifest file 'robm_tp4_nav.egg-info/SOURCES.txt'
[1.076s] writing manifest file 'robm_tp4_nav.egg-info/SOURCES.txt'
[1.085s] running build_ext
[1.086s] Creating /home/aichou/uni_projects/ROBM/challenge/robm-pixi/install/robm_tp4_nav/lib/python3.12/site-packages/robm-tp4-nav.egg-link (link to .)
[1.086s] Installing control_heading script to /home/aichou/uni_projects/ROBM/challenge/robm-pixi/install/robm_tp4_nav/lib/robm_tp4_nav
[1.086s] Installing line_follower script to /home/aichou/uni_projects/ROBM/challenge/robm-pixi/install/robm_tp4_nav/lib/robm_tp4_nav
[1.086s] Installing move script to /home/aichou/uni_projects/ROBM/challenge/robm-pixi/install/robm_tp4_nav/lib/robm_tp4_nav
[1.086s] Installing obstacle_avoid script to /home/aichou/uni_projects/ROBM/challenge/robm-pixi/install/robm_tp4_nav/lib/robm_tp4_nav
[1.086s] Installing waypoints script to /home/aichou/uni_projects/ROBM/challenge/robm-pixi/install/robm_tp4_nav/lib/robm_tp4_nav
[1.086s] 
[1.087s] Installed /home/aichou/uni_projects/ROBM/challenge/robm-pixi/build/robm_tp4_nav
[1.087s] running symlink_data
[1.087s] symbolically linking /home/aichou/uni_projects/ROBM/challenge/robm-pixi/build/robm_tp4_nav/resource/robm_tp4_nav -> /home/aichou/uni_projects/ROBM/challenge/robm-pixi/install/robm_tp4_nav/share/ament_index/resource_index/packages
[1.087s] symbolically linking /home/aichou/uni_projects/ROBM/challenge/robm-pixi/build/robm_tp4_nav/package.xml -> /home/aichou/uni_projects/ROBM/challenge/robm-pixi/install/robm_tp4_nav/share/robm_tp4_nav
[1.087s] symbolically linking /home/aichou/uni_projects/ROBM/challenge/robm-pixi/build/robm_tp4_nav/launch/move_launch.xml -> /home/aichou/uni_projects/ROBM/challenge/robm-pixi/install/robm_tp4_nav/share/robm_tp4_nav/launch
[1.087s] symbolically linking /home/aichou/uni_projects/ROBM/challenge/robm-pixi/build/robm_tp4_nav/launch/control_heading_launch.xml -> /home/aichou/uni_projects/ROBM/challenge/robm-pixi/install/robm_tp4_nav/share/robm_tp4_nav/launch
[1.087s] symbolically linking /home/aichou/uni_projects/ROBM/challenge/robm-pixi/build/robm_tp4_nav/launch/move_avoid_launch.xml -> /home/aichou/uni_projects/ROBM/challenge/robm-pixi/install/robm_tp4_nav/share/robm_tp4_nav/launch
[1.105s] Invoked command in '/home/aichou/uni_projects/ROBM/challenge/robm-pixi/build/robm_tp4_nav' returned '0': AMENT_PREFIX_PATH=/home/aichou/uni_projects/ROBM/challenge/robm-pixi/install/robm_bridge:/home/aichou/uni_projects/ROBM/challenge/robm-pixi/install/robm_tp4_nav:/home/aichou/uni_projects/ROBM/challenge/robm-pixi/install/robm_interfaces:/home/aichou/uni_projects/ROBM/challenge/robm-pixi/.pixi/envs/default CONDA_ENV_SHLVL_2_PIXI_PROMPT=(robm) PIXI_PROMPT=(robm) PS1=(robm) \[\e]0;\u@\h: \w\a\]${debian_chroot:+($debian_chroot)}\[\033[01;32m\]\u@\h\[\033[00m\]:\[\033[01;34m\]\w\[\033[00m\]\$ PYTHONPATH=/home/aichou/uni_projects/ROBM/challenge/robm-pixi/build/robm_tp4_nav/prefix_override:/home/aichou/uni_projects/ROBM/challenge/robm-pixi/.pixi/envs/default/lib/python3.12/site-packages/colcon_core/task/python/colcon_distutils_commands:/home/aichou/uni_projects/ROBM/challenge/robm-pixi/install/robm_tp4_nav/lib/python3.12/site-packages:/home/aichou/uni_projects/ROBM/challenge/robm-pixi/build/robm_bridge:/home/aichou/uni_projects/ROBM/challenge/robm-pixi/install/robm_bridge/lib/python3.12/site-packages:/home/aichou/uni_projects/ROBM/challenge/robm-pixi/install/robm_interfaces/lib/python3.12/site-packages:/home/aichou/uni_projects/ROBM/challenge/robm-pixi/install/robm_tp4_nav/lib/python3.12/site-packages:/home/aichou/uni_projects/ROBM/challenge/robm-pixi/.pixi/envs/default/lib/python/site-packages:/home/aichou/uni_projects/ROBM/challenge/robm-pixi/.pixi/envs/default/lib/python3.12/site-packages /home/aichou/uni_projects/ROBM/challenge/robm-pixi/.pixi/envs/default/bin/python3.12 -W ignore:setup.py install is deprecated -W ignore:easy_install command is deprecated setup.py develop --editable --build-directory /home/aichou/uni_projects/ROBM/challenge/robm-pixi/build/robm_tp4_nav/build --no-deps symlink_data --force
