[0.011s] Invoking command in '/home/aichou/uni_projects/ROBM/challenge/robm-pixi/build/robm_interfaces': CMAKE_PREFIX_PATH=${CMAKE_PREFIX_PATH}:/home/aichou/uni_projects/ROBM/challenge/robm-pixi/install/robm_tp4_nav:/home/aichou/uni_projects/ROBM/challenge/robm-pixi/install/robm_bridge CONDA_ENV_SHLVL_2_PIXI_PROMPT=(robm) PIXI_PROMPT=(robm) PS1=(robm) \[\e]0;\u@\h: \w\a\]${debian_chroot:+($debian_chroot)}\[\033[01;32m\]\u@\h\[\033[00m\]:\[\033[01;34m\]\w\[\033[00m\]\$ /home/aichou/uni_projects/ROBM/challenge/robm-pixi/.pixi/envs/default/bin/cmake /home/aichou/uni_projects/ROBM/challenge/robm-pixi/src/robm_interfaces -DCMAKE_EXPORT_COMPILE_COMMANDS=ON -DPython_FIND_VIRTUALENV=ONLY -DPython3_FIND_VIRTUALENV=ONLY -DAMENT_CMAKE_SYMLINK_INSTALL=1 -DCMAKE_INSTALL_PREFIX=/home/aichou/uni_projects/ROBM/challenge/robm-pixi/install/robm_interfaces
[0.049s] [0mCMake Deprecation Warning at CMakeLists.txt:1 (cmake_minimum_required):
[0.049s]   Compatibility with CMake < 3.10 will be removed from a future version of
[0.050s]   CMake.
[0.050s] 
[0.050s]   Update the VERSION argument <min> value.  Or, use the <min>...<max> syntax
[0.050s]   to tell CMake that the project requires at least <min> but has been updated
[0.050s]   to work with policies introduced by <max> or earlier.
[0.050s] 
[0.050s] [0m
[0.064s] -- Found ament_cmake: 2.7.3 (/home/aichou/uni_projects/ROBM/challenge/robm-pixi/.pixi/envs/default/share/ament_cmake/cmake)
[0.083s] -- Found Python3: /home/aichou/uni_projects/ROBM/challenge/robm-pixi/.pixi/envs/default/bin/python3 (found version "3.12.12") found components: Interpreter
[0.146s] -- Override CMake install command with custom implementation using symlinks instead of copying resources
[0.166s] -- Found std_msgs: 5.5.0 (/home/aichou/uni_projects/ROBM/challenge/robm-pixi/.pixi/envs/default/share/std_msgs/cmake)
[0.265s] -- Found rosidl_generator_c: 4.9.5 (/home/aichou/uni_projects/ROBM/challenge/robm-pixi/.pixi/envs/default/share/rosidl_generator_c/cmake)
[0.275s] -- Found rosidl_generator_cpp: 4.9.5 (/home/aichou/uni_projects/ROBM/challenge/robm-pixi/.pixi/envs/default/share/rosidl_generator_cpp/cmake)
[0.291s] -- Using all available rosidl_typesupport_c: rosidl_typesupport_fastrtps_c;rosidl_typesupport_introspection_c
[0.309s] -- Using all available rosidl_typesupport_cpp: rosidl_typesupport_fastrtps_cpp;rosidl_typesupport_introspection_cpp
[0.346s] -- Found rosidl_default_generators: 1.7.1 (/home/aichou/uni_projects/ROBM/challenge/robm-pixi/.pixi/envs/default/share/rosidl_default_generators/cmake)
[0.355s] -- Found rosidl_adapter: 4.9.5 (/home/aichou/uni_projects/ROBM/challenge/robm-pixi/.pixi/envs/default/share/rosidl_adapter/cmake)
[0.531s] -- Found ament_cmake_ros_core: 0.14.3 (/home/aichou/uni_projects/ROBM/challenge/robm-pixi/.pixi/envs/default/share/ament_cmake_ros_core/cmake)
[0.676s] -- Using all available rosidl_typesupport_c: rosidl_typesupport_fastrtps_c;rosidl_typesupport_introspection_c
[0.730s] -- Using all available rosidl_typesupport_cpp: rosidl_typesupport_fastrtps_cpp;rosidl_typesupport_introspection_cpp
[1.001s] -- Found Python3: /home/aichou/uni_projects/ROBM/challenge/robm-pixi/.pixi/envs/default/bin/python3 (found version "3.12.12") found components: Interpreter Development NumPy Development.Module Development.Embed
[1.026s] -- Found ament_lint_auto: 0.19.2 (/home/aichou/uni_projects/ROBM/challenge/robm-pixi/.pixi/envs/default/share/ament_lint_auto/cmake)
[1.051s] -- Added test 'lint_cmake' to check CMake code style
[1.052s] -- Added test 'xmllint' to check XML markup files
[1.057s] -- Configuring done (1.0s)
[1.120s] -- Generating done (0.1s)
[1.127s] -- Build files have been written to: /home/aichou/uni_projects/ROBM/challenge/robm-pixi/build/robm_interfaces
[1.133s] Invoked command in '/home/aichou/uni_projects/ROBM/challenge/robm-pixi/build/robm_interfaces' returned '0': CMAKE_PREFIX_PATH=${CMAKE_PREFIX_PATH}:/home/aichou/uni_projects/ROBM/challenge/robm-pixi/install/robm_tp4_nav:/home/aichou/uni_projects/ROBM/challenge/robm-pixi/install/robm_bridge CONDA_ENV_SHLVL_2_PIXI_PROMPT=(robm) PIXI_PROMPT=(robm) PS1=(robm) \[\e]0;\u@\h: \w\a\]${debian_chroot:+($debian_chroot)}\[\033[01;32m\]\u@\h\[\033[00m\]:\[\033[01;34m\]\w\[\033[00m\]\$ /home/aichou/uni_projects/ROBM/challenge/robm-pixi/.pixi/envs/default/bin/cmake /home/aichou/uni_projects/ROBM/challenge/robm-pixi/src/robm_interfaces -DCMAKE_EXPORT_COMPILE_COMMANDS=ON -DPython_FIND_VIRTUALENV=ONLY -DPython3_FIND_VIRTUALENV=ONLY -DAMENT_CMAKE_SYMLINK_INSTALL=1 -DCMAKE_INSTALL_PREFIX=/home/aichou/uni_projects/ROBM/challenge/robm-pixi/install/robm_interfaces
[1.134s] Invoking command in '/home/aichou/uni_projects/ROBM/challenge/robm-pixi/build/robm_interfaces': CMAKE_PREFIX_PATH=${CMAKE_PREFIX_PATH}:/home/aichou/uni_projects/ROBM/challenge/robm-pixi/install/robm_tp4_nav:/home/aichou/uni_projects/ROBM/challenge/robm-pixi/install/robm_bridge CONDA_ENV_SHLVL_2_PIXI_PROMPT=(robm) PIXI_PROMPT=(robm) PS1=(robm) \[\e]0;\u@\h: \w\a\]${debian_chroot:+($debian_chroot)}\[\033[01;32m\]\u@\h\[\033[00m\]:\[\033[01;34m\]\w\[\033[00m\]\$ /home/aichou/uni_projects/ROBM/challenge/robm-pixi/.pixi/envs/default/bin/cmake --build /home/aichou/uni_projects/ROBM/challenge/robm-pixi/build/robm_interfaces -- -j22 -l22
[1.158s] [  1%] Built target robm_interfaces__rosidl_generator_type_description
[1.160s] [  1%] Built target ament_cmake_python_symlink_robm_interfaces
[1.166s] [  3%] Built target robm_interfaces__cpp
[1.173s] [ 25%] Built target robm_interfaces__rosidl_generator_c
[1.187s] [ 34%] Built target robm_interfaces__rosidl_typesupport_c
[1.187s] [ 43%] Built target robm_interfaces__rosidl_typesupport_introspection_c
[1.190s] [ 71%] Built target robm_interfaces__rosidl_typesupport_fastrtps_cpp
[1.190s] [ 71%] Built target robm_interfaces__rosidl_typesupport_fastrtps_c
[1.190s] [ 71%] Built target robm_interfaces__rosidl_typesupport_introspection_cpp
[1.191s] [ 81%] Built target robm_interfaces__rosidl_typesupport_cpp
[1.199s] [ 81%] Built target robm_interfaces
[1.208s] [ 82%] Built target robm_interfaces__py
[1.227s] [ 90%] Built target robm_interfaces__rosidl_generator_py
[1.243s] [ 93%] Built target robm_interfaces_s__rosidl_typesupport_introspection_c
[1.243s] [ 98%] Built target robm_interfaces_s__rosidl_typesupport_c
[1.244s] [100%] Built target robm_interfaces_s__rosidl_typesupport_fastrtps_c
[1.319s] running egg_info
[1.329s] writing robm_interfaces.egg-info/PKG-INFO
[1.329s] writing dependency_links to robm_interfaces.egg-info/dependency_links.txt
[1.329s] writing top-level names to robm_interfaces.egg-info/top_level.txt
[1.361s] reading manifest file 'robm_interfaces.egg-info/SOURCES.txt'
[1.362s] writing manifest file 'robm_interfaces.egg-info/SOURCES.txt'
[1.380s] [100%] Built target ament_cmake_python_build_robm_interfaces_egg
[1.385s] Invoked command in '/home/aichou/uni_projects/ROBM/challenge/robm-pixi/build/robm_interfaces' returned '0': CMAKE_PREFIX_PATH=${CMAKE_PREFIX_PATH}:/home/aichou/uni_projects/ROBM/challenge/robm-pixi/install/robm_tp4_nav:/home/aichou/uni_projects/ROBM/challenge/robm-pixi/install/robm_bridge CONDA_ENV_SHLVL_2_PIXI_PROMPT=(robm) PIXI_PROMPT=(robm) PS1=(robm) \[\e]0;\u@\h: \w\a\]${debian_chroot:+($debian_chroot)}\[\033[01;32m\]\u@\h\[\033[00m\]:\[\033[01;34m\]\w\[\033[00m\]\$ /home/aichou/uni_projects/ROBM/challenge/robm-pixi/.pixi/envs/default/bin/cmake --build /home/aichou/uni_projects/ROBM/challenge/robm-pixi/build/robm_interfaces -- -j22 -l22
[1.389s] Invoking command in '/home/aichou/uni_projects/ROBM/challenge/robm-pixi/build/robm_interfaces': CMAKE_PREFIX_PATH=${CMAKE_PREFIX_PATH}:/home/aichou/uni_projects/ROBM/challenge/robm-pixi/install/robm_tp4_nav:/home/aichou/uni_projects/ROBM/challenge/robm-pixi/install/robm_bridge CONDA_ENV_SHLVL_2_PIXI_PROMPT=(robm) PIXI_PROMPT=(robm) PS1=(robm) \[\e]0;\u@\h: \w\a\]${debian_chroot:+($debian_chroot)}\[\033[01;32m\]\u@\h\[\033[00m\]:\[\033[01;34m\]\w\[\033[00m\]\$ /home/aichou/uni_projects/ROBM/challenge/robm-pixi/.pixi/envs/default/bin/cmake --install /home/aichou/uni_projects/ROBM/challenge/robm-pixi/build/robm_interfaces
[1.392s] -- Install configuration: ""
[1.393s] -- Execute custom install script
[1.393s] -- Up-to-date symlink: /home/aichou/uni_projects/ROBM/challenge/robm-pixi/install/robm_interfaces/share/ament_index/resource_index/rosidl_interfaces/robm_interfaces
[1.394s] -- Up-to-date symlink: /home/aichou/uni_projects/ROBM/challenge/robm-pixi/install/robm_interfaces/share/robm_interfaces/msg/Color.json
[1.394s] -- Up-to-date symlink: /home/aichou/uni_projects/ROBM/challenge/robm-pixi/install/robm_interfaces/share/robm_interfaces/msg/RoverMotorsCmd.json
[1.394s] -- Up-to-date symlink: /home/aichou/uni_projects/ROBM/challenge/robm-pixi/install/robm_interfaces/share/robm_interfaces/msg/GripperCommand.json
[1.395s] -- Up-to-date symlink: /home/aichou/uni_projects/ROBM/challenge/robm-pixi/install/robm_interfaces/share/robm_interfaces/msg/ServoCommand.json
[1.395s] -- Up-to-date symlink: /home/aichou/uni_projects/ROBM/challenge/robm-pixi/install/robm_interfaces/include/robm_interfaces/robm_interfaces/msg/color.h
[1.395s] -- Up-to-date symlink: /home/aichou/uni_projects/ROBM/challenge/robm-pixi/install/robm_interfaces/include/robm_interfaces/robm_interfaces/msg/detail/color__functions.h
[1.396s] -- Up-to-date symlink: /home/aichou/uni_projects/ROBM/challenge/robm-pixi/install/robm_interfaces/include/robm_interfaces/robm_interfaces/msg/detail/color__struct.h
[1.396s] -- Up-to-date symlink: /home/aichou/uni_projects/ROBM/challenge/robm-pixi/install/robm_interfaces/include/robm_interfaces/robm_interfaces/msg/detail/color__type_support.h
[1.396s] -- Up-to-date symlink: /home/aichou/uni_projects/ROBM/challenge/robm-pixi/install/robm_interfaces/include/robm_interfaces/robm_interfaces/msg/detail/gripper_command__functions.h
[1.396s] -- Up-to-date symlink: /home/aichou/uni_projects/ROBM/challenge/robm-pixi/install/robm_interfaces/include/robm_interfaces/robm_interfaces/msg/detail/gripper_command__struct.h
[1.397s] -- Up-to-date symlink: /home/aichou/uni_projects/ROBM/challenge/robm-pixi/install/robm_interfaces/include/robm_interfaces/robm_interfaces/msg/detail/gripper_command__type_support.h
[1.397s] -- Up-to-date symlink: /home/aichou/uni_projects/ROBM/challenge/robm-pixi/install/robm_interfaces/include/robm_interfaces/robm_interfaces/msg/detail/rover_motors_cmd__functions.h
[1.397s] -- Up-to-date symlink: /home/aichou/uni_projects/ROBM/challenge/robm-pixi/install/robm_interfaces/include/robm_interfaces/robm_interfaces/msg/detail/rover_motors_cmd__struct.h
[1.397s] -- Up-to-date symlink: /home/aichou/uni_projects/ROBM/challenge/robm-pixi/install/robm_interfaces/include/robm_interfaces/robm_interfaces/msg/detail/rover_motors_cmd__type_support.h
[1.398s] -- Up-to-date symlink: /home/aichou/uni_projects/ROBM/challenge/robm-pixi/install/robm_interfaces/include/robm_interfaces/robm_interfaces/msg/detail/servo_command__functions.h
[1.398s] -- Up-to-date symlink: /home/aichou/uni_projects/ROBM/challenge/robm-pixi/install/robm_interfaces/include/robm_interfaces/robm_interfaces/msg/detail/servo_command__struct.h
[1.398s] -- Up-to-date symlink: /home/aichou/uni_projects/ROBM/challenge/robm-pixi/install/robm_interfaces/include/robm_interfaces/robm_interfaces/msg/detail/servo_command__type_support.h
[1.399s] -- Up-to-date symlink: /home/aichou/uni_projects/ROBM/challenge/robm-pixi/install/robm_interfaces/include/robm_interfaces/robm_interfaces/msg/gripper_command.h
[1.399s] -- Up-to-date symlink: /home/aichou/uni_projects/ROBM/challenge/robm-pixi/install/robm_interfaces/include/robm_interfaces/robm_interfaces/msg/rosidl_generator_c__visibility_control.h
[1.399s] -- Up-to-date symlink: /home/aichou/uni_projects/ROBM/challenge/robm-pixi/install/robm_interfaces/include/robm_interfaces/robm_interfaces/msg/rover_motors_cmd.h
[1.399s] -- Up-to-date symlink: /home/aichou/uni_projects/ROBM/challenge/robm-pixi/install/robm_interfaces/include/robm_interfaces/robm_interfaces/msg/servo_command.h
[1.400s] -- Up-to-date symlink: /home/aichou/uni_projects/ROBM/challenge/robm-pixi/install/robm_interfaces/share/robm_interfaces/environment/library_path.sh
[1.400s] -- Up-to-date symlink: /home/aichou/uni_projects/ROBM/challenge/robm-pixi/install/robm_interfaces/share/robm_interfaces/environment/library_path.dsv
[1.400s] -- Up-to-date symlink: /home/aichou/uni_projects/ROBM/challenge/robm-pixi/install/robm_interfaces/include/robm_interfaces/robm_interfaces/msg/detail/color__rosidl_typesupport_fastrtps_c.h
[1.401s] -- Up-to-date symlink: /home/aichou/uni_projects/ROBM/challenge/robm-pixi/install/robm_interfaces/include/robm_interfaces/robm_interfaces/msg/detail/gripper_command__rosidl_typesupport_fastrtps_c.h
[1.401s] -- Up-to-date symlink: /home/aichou/uni_projects/ROBM/challenge/robm-pixi/install/robm_interfaces/include/robm_interfaces/robm_interfaces/msg/detail/rover_motors_cmd__rosidl_typesupport_fastrtps_c.h
[1.401s] -- Up-to-date symlink: /home/aichou/uni_projects/ROBM/challenge/robm-pixi/install/robm_interfaces/include/robm_interfaces/robm_interfaces/msg/detail/servo_command__rosidl_typesupport_fastrtps_c.h
[1.402s] -- Up-to-date symlink: /home/aichou/uni_projects/ROBM/challenge/robm-pixi/install/robm_interfaces/include/robm_interfaces/robm_interfaces/msg/rosidl_typesupport_fastrtps_c__visibility_control.h
[1.402s] -- Up-to-date symlink: /home/aichou/uni_projects/ROBM/challenge/robm-pixi/install/robm_interfaces/include/robm_interfaces/robm_interfaces/msg/color.hpp
[1.402s] -- Up-to-date symlink: /home/aichou/uni_projects/ROBM/challenge/robm-pixi/install/robm_interfaces/include/robm_interfaces/robm_interfaces/msg/detail/color__builder.hpp
[1.402s] -- Up-to-date symlink: /home/aichou/uni_projects/ROBM/challenge/robm-pixi/install/robm_interfaces/include/robm_interfaces/robm_interfaces/msg/detail/color__struct.hpp
[1.403s] -- Up-to-date symlink: /home/aichou/uni_projects/ROBM/challenge/robm-pixi/install/robm_interfaces/include/robm_interfaces/robm_interfaces/msg/detail/color__traits.hpp
[1.403s] -- Up-to-date symlink: /home/aichou/uni_projects/ROBM/challenge/robm-pixi/install/robm_interfaces/include/robm_interfaces/robm_interfaces/msg/detail/color__type_support.hpp
[1.403s] -- Up-to-date symlink: /home/aichou/uni_projects/ROBM/challenge/robm-pixi/install/robm_interfaces/include/robm_interfaces/robm_interfaces/msg/detail/gripper_command__builder.hpp
[1.403s] -- Up-to-date symlink: /home/aichou/uni_projects/ROBM/challenge/robm-pixi/install/robm_interfaces/include/robm_interfaces/robm_interfaces/msg/detail/gripper_command__struct.hpp
[1.404s] -- Up-to-date symlink: /home/aichou/uni_projects/ROBM/challenge/robm-pixi/install/robm_interfaces/include/robm_interfaces/robm_interfaces/msg/detail/gripper_command__traits.hpp
[1.404s] -- Up-to-date symlink: /home/aichou/uni_projects/ROBM/challenge/robm-pixi/install/robm_interfaces/include/robm_interfaces/robm_interfaces/msg/detail/gripper_command__type_support.hpp
[1.404s] -- Up-to-date symlink: /home/aichou/uni_projects/ROBM/challenge/robm-pixi/install/robm_interfaces/include/robm_interfaces/robm_interfaces/msg/detail/rover_motors_cmd__builder.hpp
[1.404s] -- Up-to-date symlink: /home/aichou/uni_projects/ROBM/challenge/robm-pixi/install/robm_interfaces/include/robm_interfaces/robm_interfaces/msg/detail/rover_motors_cmd__struct.hpp
[1.405s] -- Up-to-date symlink: /home/aichou/uni_projects/ROBM/challenge/robm-pixi/install/robm_interfaces/include/robm_interfaces/robm_interfaces/msg/detail/rover_motors_cmd__traits.hpp
[1.405s] -- Up-to-date symlink: /home/aichou/uni_projects/ROBM/challenge/robm-pixi/install/robm_interfaces/include/robm_interfaces/robm_interfaces/msg/detail/rover_motors_cmd__type_support.hpp
[1.405s] -- Up-to-date symlink: /home/aichou/uni_projects/ROBM/challenge/robm-pixi/install/robm_interfaces/include/robm_interfaces/robm_interfaces/msg/detail/servo_command__builder.hpp
[1.405s] -- Up-to-date symlink: /home/aichou/uni_projects/ROBM/challenge/robm-pixi/install/robm_interfaces/include/robm_interfaces/robm_interfaces/msg/detail/servo_command__struct.hpp
[1.406s] -- Up-to-date symlink: /home/aichou/uni_projects/ROBM/challenge/robm-pixi/install/robm_interfaces/include/robm_interfaces/robm_interfaces/msg/detail/servo_command__traits.hpp
[1.406s] -- Up-to-date symlink: /home/aichou/uni_projects/ROBM/challenge/robm-pixi/install/robm_interfaces/include/robm_interfaces/robm_interfaces/msg/detail/servo_command__type_support.hpp
[1.406s] -- Up-to-date symlink: /home/aichou/uni_projects/ROBM/challenge/robm-pixi/install/robm_interfaces/include/robm_interfaces/robm_interfaces/msg/gripper_command.hpp
[1.406s] -- Up-to-date symlink: /home/aichou/uni_projects/ROBM/challenge/robm-pixi/install/robm_interfaces/include/robm_interfaces/robm_interfaces/msg/rosidl_generator_cpp__visibility_control.hpp
[1.407s] -- Up-to-date symlink: /home/aichou/uni_projects/ROBM/challenge/robm-pixi/install/robm_interfaces/include/robm_interfaces/robm_interfaces/msg/rover_motors_cmd.hpp
[1.407s] -- Up-to-date symlink: /home/aichou/uni_projects/ROBM/challenge/robm-pixi/install/robm_interfaces/include/robm_interfaces/robm_interfaces/msg/servo_command.hpp
[1.407s] -- Up-to-date symlink: /home/aichou/uni_projects/ROBM/challenge/robm-pixi/install/robm_interfaces/include/robm_interfaces/robm_interfaces/msg/detail/color__rosidl_typesupport_fastrtps_cpp.hpp
[1.407s] -- Up-to-date symlink: /home/aichou/uni_projects/ROBM/challenge/robm-pixi/install/robm_interfaces/include/robm_interfaces/robm_interfaces/msg/detail/gripper_command__rosidl_typesupport_fastrtps_cpp.hpp
[1.408s] -- Up-to-date symlink: /home/aichou/uni_projects/ROBM/challenge/robm-pixi/install/robm_interfaces/include/robm_interfaces/robm_interfaces/msg/detail/rover_motors_cmd__rosidl_typesupport_fastrtps_cpp.hpp
[1.408s] -- Up-to-date symlink: /home/aichou/uni_projects/ROBM/challenge/robm-pixi/install/robm_interfaces/include/robm_interfaces/robm_interfaces/msg/detail/servo_command__rosidl_typesupport_fastrtps_cpp.hpp
[1.408s] -- Up-to-date symlink: /home/aichou/uni_projects/ROBM/challenge/robm-pixi/install/robm_interfaces/include/robm_interfaces/robm_interfaces/msg/rosidl_typesupport_fastrtps_cpp__visibility_control.h
[1.409s] -- Up-to-date symlink: /home/aichou/uni_projects/ROBM/challenge/robm-pixi/install/robm_interfaces/include/robm_interfaces/robm_interfaces/msg/detail/color__rosidl_typesupport_introspection_c.h
[1.409s] -- Up-to-date symlink: /home/aichou/uni_projects/ROBM/challenge/robm-pixi/install/robm_interfaces/include/robm_interfaces/robm_interfaces/msg/detail/gripper_command__rosidl_typesupport_introspection_c.h
[1.409s] -- Up-to-date symlink: /home/aichou/uni_projects/ROBM/challenge/robm-pixi/install/robm_interfaces/include/robm_interfaces/robm_interfaces/msg/detail/rover_motors_cmd__rosidl_typesupport_introspection_c.h
[1.409s] -- Up-to-date symlink: /home/aichou/uni_projects/ROBM/challenge/robm-pixi/install/robm_interfaces/include/robm_interfaces/robm_interfaces/msg/detail/servo_command__rosidl_typesupport_introspection_c.h
[1.410s] -- Up-to-date symlink: /home/aichou/uni_projects/ROBM/challenge/robm-pixi/install/robm_interfaces/include/robm_interfaces/robm_interfaces/msg/rosidl_typesupport_introspection_c__visibility_control.h
[1.410s] -- Up-to-date symlink: /home/aichou/uni_projects/ROBM/challenge/robm-pixi/install/robm_interfaces/include/robm_interfaces/robm_interfaces/msg/detail/color__rosidl_typesupport_introspection_cpp.hpp
[1.410s] -- Up-to-date symlink: /home/aichou/uni_projects/ROBM/challenge/robm-pixi/install/robm_interfaces/include/robm_interfaces/robm_interfaces/msg/detail/gripper_command__rosidl_typesupport_introspection_cpp.hpp
[1.410s] -- Up-to-date symlink: /home/aichou/uni_projects/ROBM/challenge/robm-pixi/install/robm_interfaces/include/robm_interfaces/robm_interfaces/msg/detail/rover_motors_cmd__rosidl_typesupport_introspection_cpp.hpp
[1.411s] -- Up-to-date symlink: /home/aichou/uni_projects/ROBM/challenge/robm-pixi/install/robm_interfaces/include/robm_interfaces/robm_interfaces/msg/detail/servo_command__rosidl_typesupport_introspection_cpp.hpp
[1.411s] -- Up-to-date symlink: /home/aichou/uni_projects/ROBM/challenge/robm-pixi/install/robm_interfaces/share/robm_interfaces/environment/pythonpath.sh
[1.411s] -- Up-to-date symlink: /home/aichou/uni_projects/ROBM/challenge/robm-pixi/install/robm_interfaces/share/robm_interfaces/environment/pythonpath.dsv
[1.412s] -- Up-to-date symlink: /home/aichou/uni_projects/ROBM/challenge/robm-pixi/install/robm_interfaces/lib/python3.12/site-packages/robm_interfaces-0.1.0-py3.12.egg-info/PKG-INFO
[1.412s] -- Up-to-date symlink: /home/aichou/uni_projects/ROBM/challenge/robm-pixi/install/robm_interfaces/lib/python3.12/site-packages/robm_interfaces-0.1.0-py3.12.egg-info/SOURCES.txt
[1.412s] -- Up-to-date symlink: /home/aichou/uni_projects/ROBM/challenge/robm-pixi/install/robm_interfaces/lib/python3.12/site-packages/robm_interfaces-0.1.0-py3.12.egg-info/dependency_links.txt
[1.412s] -- Up-to-date symlink: /home/aichou/uni_projects/ROBM/challenge/robm-pixi/install/robm_interfaces/lib/python3.12/site-packages/robm_interfaces-0.1.0-py3.12.egg-info/top_level.txt
[1.413s] -- Up-to-date symlink: /home/aichou/uni_projects/ROBM/challenge/robm-pixi/install/robm_interfaces/lib/python3.12/site-packages/robm_interfaces/__init__.py
[1.413s] -- Up-to-date symlink: /home/aichou/uni_projects/ROBM/challenge/robm-pixi/install/robm_interfaces/lib/python3.12/site-packages/robm_interfaces/_robm_interfaces_s.ep.rosidl_typesupport_c.c
[1.413s] -- Up-to-date symlink: /home/aichou/uni_projects/ROBM/challenge/robm-pixi/install/robm_interfaces/lib/python3.12/site-packages/robm_interfaces/_robm_interfaces_s.ep.rosidl_typesupport_fastrtps_c.c
[1.413s] -- Up-to-date symlink: /home/aichou/uni_projects/ROBM/challenge/robm-pixi/install/robm_interfaces/lib/python3.12/site-packages/robm_interfaces/_robm_interfaces_s.ep.rosidl_typesupport_introspection_c.c
[1.414s] -- Up-to-date symlink: /home/aichou/uni_projects/ROBM/challenge/robm-pixi/install/robm_interfaces/lib/python3.12/site-packages/robm_interfaces/msg/__init__.py
[1.414s] -- Up-to-date symlink: /home/aichou/uni_projects/ROBM/challenge/robm-pixi/install/robm_interfaces/lib/python3.12/site-packages/robm_interfaces/msg/_color.py
[1.414s] -- Up-to-date symlink: /home/aichou/uni_projects/ROBM/challenge/robm-pixi/install/robm_interfaces/lib/python3.12/site-packages/robm_interfaces/msg/_color_s.c
[1.414s] -- Up-to-date symlink: /home/aichou/uni_projects/ROBM/challenge/robm-pixi/install/robm_interfaces/lib/python3.12/site-packages/robm_interfaces/msg/_gripper_command.py
[1.415s] -- Up-to-date symlink: /home/aichou/uni_projects/ROBM/challenge/robm-pixi/install/robm_interfaces/lib/python3.12/site-packages/robm_interfaces/msg/_gripper_command_s.c
[1.415s] -- Up-to-date symlink: /home/aichou/uni_projects/ROBM/challenge/robm-pixi/install/robm_interfaces/lib/python3.12/site-packages/robm_interfaces/msg/_rover_motors_cmd.py
[1.415s] -- Up-to-date symlink: /home/aichou/uni_projects/ROBM/challenge/robm-pixi/install/robm_interfaces/lib/python3.12/site-packages/robm_interfaces/msg/_rover_motors_cmd_s.c
[1.415s] -- Up-to-date symlink: /home/aichou/uni_projects/ROBM/challenge/robm-pixi/install/robm_interfaces/lib/python3.12/site-packages/robm_interfaces/msg/_servo_command.py
[1.416s] -- Up-to-date symlink: /home/aichou/uni_projects/ROBM/challenge/robm-pixi/install/robm_interfaces/lib/python3.12/site-packages/robm_interfaces/msg/_servo_command_s.c
[1.416s] -- Up-to-date symlink: /home/aichou/uni_projects/ROBM/challenge/robm-pixi/install/robm_interfaces/lib/python3.12/site-packages/robm_interfaces/robm_interfaces_s__rosidl_typesupport_c.so
[1.416s] -- Up-to-date symlink: /home/aichou/uni_projects/ROBM/challenge/robm-pixi/install/robm_interfaces/lib/python3.12/site-packages/robm_interfaces/robm_interfaces_s__rosidl_typesupport_fastrtps_c.so
[1.416s] -- Up-to-date symlink: /home/aichou/uni_projects/ROBM/challenge/robm-pixi/install/robm_interfaces/lib/python3.12/site-packages/robm_interfaces/robm_interfaces_s__rosidl_typesupport_introspection_c.so
[1.416s] -- Up-to-date symlink: /home/aichou/uni_projects/ROBM/challenge/robm-pixi/install/robm_interfaces/lib/python3.12/site-packages/robm_interfaces/robm_interfaces_s__rosidl_typesupport_fastrtps_c.so
[1.417s] -- Up-to-date symlink: /home/aichou/uni_projects/ROBM/challenge/robm-pixi/install/robm_interfaces/lib/python3.12/site-packages/robm_interfaces/robm_interfaces_s__rosidl_typesupport_introspection_c.so
[1.417s] -- Up-to-date symlink: /home/aichou/uni_projects/ROBM/challenge/robm-pixi/install/robm_interfaces/lib/python3.12/site-packages/robm_interfaces/robm_interfaces_s__rosidl_typesupport_c.so
[1.417s] -- Up-to-date symlink: /home/aichou/uni_projects/ROBM/challenge/robm-pixi/install/robm_interfaces/share/robm_interfaces/msg/Color.idl
[1.417s] -- Up-to-date symlink: /home/aichou/uni_projects/ROBM/challenge/robm-pixi/install/robm_interfaces/share/robm_interfaces/msg/RoverMotorsCmd.idl
[1.418s] -- Up-to-date symlink: /home/aichou/uni_projects/ROBM/challenge/robm-pixi/install/robm_interfaces/share/robm_interfaces/msg/GripperCommand.idl
[1.418s] -- Up-to-date symlink: /home/aichou/uni_projects/ROBM/challenge/robm-pixi/install/robm_interfaces/share/robm_interfaces/msg/ServoCommand.idl
[1.418s] -- Up-to-date symlink: /home/aichou/uni_projects/ROBM/challenge/robm-pixi/install/robm_interfaces/share/robm_interfaces/msg/Color.msg
[1.419s] -- Up-to-date symlink: /home/aichou/uni_projects/ROBM/challenge/robm-pixi/install/robm_interfaces/share/robm_interfaces/msg/RoverMotorsCmd.msg
[1.419s] -- Up-to-date symlink: /home/aichou/uni_projects/ROBM/challenge/robm-pixi/install/robm_interfaces/share/robm_interfaces/msg/GripperCommand.msg
[1.419s] -- Up-to-date symlink: /home/aichou/uni_projects/ROBM/challenge/robm-pixi/install/robm_interfaces/share/robm_interfaces/msg/ServoCommand.msg
[1.420s] -- Up-to-date symlink: /home/aichou/uni_projects/ROBM/challenge/robm-pixi/install/robm_interfaces/share/ament_index/resource_index/package_run_dependencies/robm_interfaces
[1.420s] -- Up-to-date symlink: /home/aichou/uni_projects/ROBM/challenge/robm-pixi/install/robm_interfaces/share/ament_index/resource_index/parent_prefix_path/robm_interfaces
[1.420s] -- Up-to-date symlink: /home/aichou/uni_projects/ROBM/challenge/robm-pixi/install/robm_interfaces/share/robm_interfaces/environment/ament_prefix_path.sh
[1.420s] -- Up-to-date symlink: /home/aichou/uni_projects/ROBM/challenge/robm-pixi/install/robm_interfaces/share/robm_interfaces/environment/ament_prefix_path.dsv
[1.420s] -- Up-to-date symlink: /home/aichou/uni_projects/ROBM/challenge/robm-pixi/install/robm_interfaces/share/robm_interfaces/environment/path.sh
[1.421s] -- Up-to-date symlink: /home/aichou/uni_projects/ROBM/challenge/robm-pixi/install/robm_interfaces/share/robm_interfaces/environment/path.dsv
[1.421s] -- Up-to-date symlink: /home/aichou/uni_projects/ROBM/challenge/robm-pixi/install/robm_interfaces/share/robm_interfaces/local_setup.bash
[1.421s] -- Up-to-date symlink: /home/aichou/uni_projects/ROBM/challenge/robm-pixi/install/robm_interfaces/share/robm_interfaces/local_setup.sh
[1.422s] -- Up-to-date symlink: /home/aichou/uni_projects/ROBM/challenge/robm-pixi/install/robm_interfaces/share/robm_interfaces/local_setup.zsh
[1.422s] -- Up-to-date symlink: /home/aichou/uni_projects/ROBM/challenge/robm-pixi/install/robm_interfaces/share/robm_interfaces/local_setup.dsv
[1.422s] -- Symlinking: /home/aichou/uni_projects/ROBM/challenge/robm-pixi/install/robm_interfaces/share/robm_interfaces/package.dsv
[1.426s] -- Up-to-date symlink: /home/aichou/uni_projects/ROBM/challenge/robm-pixi/install/robm_interfaces/share/ament_index/resource_index/packages/robm_interfaces
[1.426s] -- Up-to-date symlink: /home/aichou/uni_projects/ROBM/challenge/robm-pixi/install/robm_interfaces/share/robm_interfaces/cmake/rosidl_cmake-extras.cmake
[1.427s] -- Up-to-date symlink: /home/aichou/uni_projects/ROBM/challenge/robm-pixi/install/robm_interfaces/share/robm_interfaces/cmake/ament_cmake_export_dependencies-extras.cmake
[1.427s] -- Up-to-date symlink: /home/aichou/uni_projects/ROBM/challenge/robm-pixi/install/robm_interfaces/share/robm_interfaces/cmake/ament_cmake_export_include_directories-extras.cmake
[1.428s] -- Up-to-date symlink: /home/aichou/uni_projects/ROBM/challenge/robm-pixi/install/robm_interfaces/share/robm_interfaces/cmake/ament_cmake_export_libraries-extras.cmake
[1.428s] -- Up-to-date symlink: /home/aichou/uni_projects/ROBM/challenge/robm-pixi/install/robm_interfaces/share/robm_interfaces/cmake/ament_cmake_export_targets-extras.cmake
[1.428s] -- Up-to-date symlink: /home/aichou/uni_projects/ROBM/challenge/robm-pixi/install/robm_interfaces/share/robm_interfaces/cmake/rosidl_cmake_export_typesupport_targets-extras.cmake
[1.428s] -- Up-to-date symlink: /home/aichou/uni_projects/ROBM/challenge/robm-pixi/install/robm_interfaces/share/robm_interfaces/cmake/rosidl_cmake_export_typesupport_libraries-extras.cmake
[1.429s] -- Up-to-date symlink: /home/aichou/uni_projects/ROBM/challenge/robm-pixi/install/robm_interfaces/share/robm_interfaces/cmake/robm_interfacesConfig.cmake
[1.429s] -- Up-to-date symlink: /home/aichou/uni_projects/ROBM/challenge/robm-pixi/install/robm_interfaces/share/robm_interfaces/cmake/robm_interfacesConfig-version.cmake
[1.429s] -- Up-to-date symlink: /home/aichou/uni_projects/ROBM/challenge/robm-pixi/install/robm_interfaces/share/robm_interfaces/package.xml
[1.430s] -- Installing: /home/aichou/uni_projects/ROBM/challenge/robm-pixi/install/robm_interfaces/lib/librobm_interfaces__rosidl_generator_c.so
[1.432s] -- Installing: /home/aichou/uni_projects/ROBM/challenge/robm-pixi/install/robm_interfaces/lib/librobm_interfaces__rosidl_typesupport_fastrtps_c.so
[1.433s] -- Set non-toolchain portion of runtime path of "/home/aichou/uni_projects/ROBM/challenge/robm-pixi/install/robm_interfaces/lib/librobm_interfaces__rosidl_typesupport_fastrtps_c.so" to ""
[1.433s] -- Installing: /home/aichou/uni_projects/ROBM/challenge/robm-pixi/install/robm_interfaces/lib/librobm_interfaces__rosidl_typesupport_fastrtps_cpp.so
[1.434s] -- Set non-toolchain portion of runtime path of "/home/aichou/uni_projects/ROBM/challenge/robm-pixi/install/robm_interfaces/lib/librobm_interfaces__rosidl_typesupport_fastrtps_cpp.so" to ""
[1.434s] -- Installing: /home/aichou/uni_projects/ROBM/challenge/robm-pixi/install/robm_interfaces/lib/librobm_interfaces__rosidl_typesupport_introspection_c.so
[1.435s] -- Set non-toolchain portion of runtime path of "/home/aichou/uni_projects/ROBM/challenge/robm-pixi/install/robm_interfaces/lib/librobm_interfaces__rosidl_typesupport_introspection_c.so" to ""
[1.435s] -- Installing: /home/aichou/uni_projects/ROBM/challenge/robm-pixi/install/robm_interfaces/lib/librobm_interfaces__rosidl_typesupport_c.so
[1.436s] -- Set non-toolchain portion of runtime path of "/home/aichou/uni_projects/ROBM/challenge/robm-pixi/install/robm_interfaces/lib/librobm_interfaces__rosidl_typesupport_c.so" to ""
[1.436s] -- Installing: /home/aichou/uni_projects/ROBM/challenge/robm-pixi/install/robm_interfaces/lib/librobm_interfaces__rosidl_typesupport_introspection_cpp.so
[1.437s] -- Set non-toolchain portion of runtime path of "/home/aichou/uni_projects/ROBM/challenge/robm-pixi/install/robm_interfaces/lib/librobm_interfaces__rosidl_typesupport_introspection_cpp.so" to ""
[1.437s] -- Installing: /home/aichou/uni_projects/ROBM/challenge/robm-pixi/install/robm_interfaces/lib/librobm_interfaces__rosidl_typesupport_cpp.so
[1.438s] -- Set non-toolchain portion of runtime path of "/home/aichou/uni_projects/ROBM/challenge/robm-pixi/install/robm_interfaces/lib/librobm_interfaces__rosidl_typesupport_cpp.so" to ""
[1.464s] Listing '/home/aichou/uni_projects/ROBM/challenge/robm-pixi/install/robm_interfaces/lib/python3.12/site-packages/robm_interfaces'...
[1.464s] Compiling '/home/aichou/uni_projects/ROBM/challenge/robm-pixi/install/robm_interfaces/lib/python3.12/site-packages/robm_interfaces/__init__.py'...
[1.464s] Listing '/home/aichou/uni_projects/ROBM/challenge/robm-pixi/install/robm_interfaces/lib/python3.12/site-packages/robm_interfaces/msg'...
[1.468s] -- Installing: /home/aichou/uni_projects/ROBM/challenge/robm-pixi/install/robm_interfaces/lib/librobm_interfaces__rosidl_generator_py.so
[1.468s] -- Set non-toolchain portion of runtime path of "/home/aichou/uni_projects/ROBM/challenge/robm-pixi/install/robm_interfaces/lib/librobm_interfaces__rosidl_generator_py.so" to ""
[1.468s] -- Up-to-date: /home/aichou/uni_projects/ROBM/challenge/robm-pixi/install/robm_interfaces/share/robm_interfaces/cmake/export_robm_interfaces__rosidl_generator_cExport.cmake
[1.468s] -- Up-to-date: /home/aichou/uni_projects/ROBM/challenge/robm-pixi/install/robm_interfaces/share/robm_interfaces/cmake/export_robm_interfaces__rosidl_generator_cExport-noconfig.cmake
[1.468s] -- Up-to-date: /home/aichou/uni_projects/ROBM/challenge/robm-pixi/install/robm_interfaces/share/robm_interfaces/cmake/export_robm_interfaces__rosidl_typesupport_fastrtps_cExport.cmake
[1.468s] -- Up-to-date: /home/aichou/uni_projects/ROBM/challenge/robm-pixi/install/robm_interfaces/share/robm_interfaces/cmake/export_robm_interfaces__rosidl_typesupport_fastrtps_cExport-noconfig.cmake
[1.469s] -- Up-to-date: /home/aichou/uni_projects/ROBM/challenge/robm-pixi/install/robm_interfaces/share/robm_interfaces/cmake/export_robm_interfaces__rosidl_generator_cppExport.cmake
[1.469s] -- Up-to-date: /home/aichou/uni_projects/ROBM/challenge/robm-pixi/install/robm_interfaces/share/robm_interfaces/cmake/export_robm_interfaces__rosidl_typesupport_fastrtps_cppExport.cmake
[1.469s] -- Up-to-date: /home/aichou/uni_projects/ROBM/challenge/robm-pixi/install/robm_interfaces/share/robm_interfaces/cmake/export_robm_interfaces__rosidl_typesupport_fastrtps_cppExport-noconfig.cmake
[1.469s] -- Up-to-date: /home/aichou/uni_projects/ROBM/challenge/robm-pixi/install/robm_interfaces/share/robm_interfaces/cmake/robm_interfaces__rosidl_typesupport_introspection_cExport.cmake
[1.469s] -- Up-to-date: /home/aichou/uni_projects/ROBM/challenge/robm-pixi/install/robm_interfaces/share/robm_interfaces/cmake/robm_interfaces__rosidl_typesupport_introspection_cExport-noconfig.cmake
[1.469s] -- Up-to-date: /home/aichou/uni_projects/ROBM/challenge/robm-pixi/install/robm_interfaces/share/robm_interfaces/cmake/robm_interfaces__rosidl_typesupport_cExport.cmake
[1.470s] -- Up-to-date: /home/aichou/uni_projects/ROBM/challenge/robm-pixi/install/robm_interfaces/share/robm_interfaces/cmake/robm_interfaces__rosidl_typesupport_cExport-noconfig.cmake
[1.470s] -- Up-to-date: /home/aichou/uni_projects/ROBM/challenge/robm-pixi/install/robm_interfaces/share/robm_interfaces/cmake/robm_interfaces__rosidl_typesupport_introspection_cppExport.cmake
[1.470s] -- Up-to-date: /home/aichou/uni_projects/ROBM/challenge/robm-pixi/install/robm_interfaces/share/robm_interfaces/cmake/robm_interfaces__rosidl_typesupport_introspection_cppExport-noconfig.cmake
[1.470s] -- Up-to-date: /home/aichou/uni_projects/ROBM/challenge/robm-pixi/install/robm_interfaces/share/robm_interfaces/cmake/robm_interfaces__rosidl_typesupport_cppExport.cmake
[1.470s] -- Up-to-date: /home/aichou/uni_projects/ROBM/challenge/robm-pixi/install/robm_interfaces/share/robm_interfaces/cmake/robm_interfaces__rosidl_typesupport_cppExport-noconfig.cmake
[1.470s] -- Up-to-date: /home/aichou/uni_projects/ROBM/challenge/robm-pixi/install/robm_interfaces/share/robm_interfaces/cmake/export_robm_interfaces__rosidl_generator_pyExport.cmake
[1.470s] -- Up-to-date: /home/aichou/uni_projects/ROBM/challenge/robm-pixi/install/robm_interfaces/share/robm_interfaces/cmake/export_robm_interfaces__rosidl_generator_pyExport-noconfig.cmake
[1.472s] Invoked command in '/home/aichou/uni_projects/ROBM/challenge/robm-pixi/build/robm_interfaces' returned '0': CMAKE_PREFIX_PATH=${CMAKE_PREFIX_PATH}:/home/aichou/uni_projects/ROBM/challenge/robm-pixi/install/robm_tp4_nav:/home/aichou/uni_projects/ROBM/challenge/robm-pixi/install/robm_bridge CONDA_ENV_SHLVL_2_PIXI_PROMPT=(robm) PIXI_PROMPT=(robm) PS1=(robm) \[\e]0;\u@\h: \w\a\]${debian_chroot:+($debian_chroot)}\[\033[01;32m\]\u@\h\[\033[00m\]:\[\033[01;34m\]\w\[\033[00m\]\$ /home/aichou/uni_projects/ROBM/challenge/robm-pixi/.pixi/envs/default/bin/cmake --install /home/aichou/uni_projects/ROBM/challenge/robm-pixi/build/robm_interfaces
