[0.754s] Invoking command in '/home/aichou/uni_projects/ROBM/challenge/robm-pixi/src/robm_tp4_nav': PIXI_PROMPT=(robm) PS1=(robm) \[\e]0;\u@\h: \w\a\]${debian_chroot:+($debian_chroot)}\[\033[01;32m\]\u@\h\[\033[00m\]:\[\033[01;34m\]\w\[\033[00m\]\$ PYTHONPATH=/home/aichou/uni_projects/ROBM/challenge/robm-pixi/build/robm_tp4_nav/prefix_override:/home/aichou/uni_projects/ROBM/challenge/robm-pixi/.pixi/envs/default/lib/python3.12/site-packages/colcon_core/task/python/colcon_distutils_commands:/home/aichou/uni_projects/ROBM/challenge/robm-pixi/install/robm_tp4_nav/lib/python3.12/site-packages:/home/aichou/uni_projects/ROBM/challenge/robm-pixi/install/robm_bridge/lib/python3.12/site-packages:/home/aichou/uni_projects/ROBM/challenge/robm-pixi/install/robm_interfaces/lib/python3.12/site-packages:/home/aichou/uni_projects/ROBM/challenge/robm-pixi/build/robm_bridge:/home/aichou/uni_projects/ROBM/challenge/robm-pixi/.pixi/envs/default/lib/python/site-packages:/home/aichou/uni_projects/ROBM/challenge/robm-pixi/.pixi/envs/default/lib/python3.12/site-packages /home/aichou/uni_projects/ROBM/challenge/robm-pixi/.pixi/envs/default/bin/python3.12 -W ignore:setup.py install is deprecated -W ignore:easy_install command is deprecated setup.py egg_info --egg-base ../../build/robm_tp4_nav build --build-base /home/aichou/uni_projects/ROBM/challenge/robm-pixi/build/robm_tp4_nav/build install --record /home/aichou/uni_projects/ROBM/challenge/robm-pixi/build/robm_tp4_nav/install.log --single-version-externally-managed install_data
[0.840s] /home/aichou/uni_projects/ROBM/challenge/robm-pixi/.pixi/envs/default/lib/python3.12/site-packages/setuptools/_distutils/dist.py:289: UserWarning: Unknown distribution option: 'tests_require'
[0.840s]   warnings.warn(msg)
[0.896s] running egg_info
[0.905s] creating ../../build/robm_tp4_nav/robm_tp4_nav.egg-info
[0.905s] writing ../../build/robm_tp4_nav/robm_tp4_nav.egg-info/PKG-INFO
[0.905s] writing dependency_links to ../../build/robm_tp4_nav/robm_tp4_nav.egg-info/dependency_links.txt
[0.905s] writing entry points to ../../build/robm_tp4_nav/robm_tp4_nav.egg-info/entry_points.txt
[0.905s] writing requirements to ../../build/robm_tp4_nav/robm_tp4_nav.egg-info/requires.txt
[0.905s] writing top-level names to ../../build/robm_tp4_nav/robm_tp4_nav.egg-info/top_level.txt
[0.905s] writing manifest file '../../build/robm_tp4_nav/robm_tp4_nav.egg-info/SOURCES.txt'
[0.924s] reading manifest file '../../build/robm_tp4_nav/robm_tp4_nav.egg-info/SOURCES.txt'
[0.925s] adding license file 'LICENSE'
[0.925s] writing manifest file '../../build/robm_tp4_nav/robm_tp4_nav.egg-info/SOURCES.txt'
[0.925s] running build
[0.925s] running build_py
[0.925s] creating /home/aichou/uni_projects/ROBM/challenge/robm-pixi/build/robm_tp4_nav/build/lib/robm_tp4_nav
[0.925s] copying robm_tp4_nav/move.py -> /home/aichou/uni_projects/ROBM/challenge/robm-pixi/build/robm_tp4_nav/build/lib/robm_tp4_nav
[0.925s] copying robm_tp4_nav/obstacle_avoid.py -> /home/aichou/uni_projects/ROBM/challenge/robm-pixi/build/robm_tp4_nav/build/lib/robm_tp4_nav
[0.926s] copying robm_tp4_nav/line_follower_pusher.py -> /home/aichou/uni_projects/ROBM/challenge/robm-pixi/build/robm_tp4_nav/build/lib/robm_tp4_nav
[0.926s] copying robm_tp4_nav/waypoints.py -> /home/aichou/uni_projects/ROBM/challenge/robm-pixi/build/robm_tp4_nav/build/lib/robm_tp4_nav
[0.926s] copying robm_tp4_nav/__init__.py -> /home/aichou/uni_projects/ROBM/challenge/robm-pixi/build/robm_tp4_nav/build/lib/robm_tp4_nav
[0.926s] copying robm_tp4_nav/control_heading.py -> /home/aichou/uni_projects/ROBM/challenge/robm-pixi/build/robm_tp4_nav/build/lib/robm_tp4_nav
[0.926s] running install
[0.929s] running install_lib
[0.938s] creating /home/aichou/uni_projects/ROBM/challenge/robm-pixi/install/robm_tp4_nav/lib/python3.12/site-packages/robm_tp4_nav
[0.938s] copying /home/aichou/uni_projects/ROBM/challenge/robm-pixi/build/robm_tp4_nav/build/lib/robm_tp4_nav/move.py -> /home/aichou/uni_projects/ROBM/challenge/robm-pixi/install/robm_tp4_nav/lib/python3.12/site-packages/robm_tp4_nav
[0.939s] copying /home/aichou/uni_projects/ROBM/challenge/robm-pixi/build/robm_tp4_nav/build/lib/robm_tp4_nav/obstacle_avoid.py -> /home/aichou/uni_projects/ROBM/challenge/robm-pixi/install/robm_tp4_nav/lib/python3.12/site-packages/robm_tp4_nav
[0.939s] copying /home/aichou/uni_projects/ROBM/challenge/robm-pixi/build/robm_tp4_nav/build/lib/robm_tp4_nav/line_follower_pusher.py -> /home/aichou/uni_projects/ROBM/challenge/robm-pixi/install/robm_tp4_nav/lib/python3.12/site-packages/robm_tp4_nav
[0.939s] copying /home/aichou/uni_projects/ROBM/challenge/robm-pixi/build/robm_tp4_nav/build/lib/robm_tp4_nav/waypoints.py -> /home/aichou/uni_projects/ROBM/challenge/robm-pixi/install/robm_tp4_nav/lib/python3.12/site-packages/robm_tp4_nav
[0.939s] copying /home/aichou/uni_projects/ROBM/challenge/robm-pixi/build/robm_tp4_nav/build/lib/robm_tp4_nav/__init__.py -> /home/aichou/uni_projects/ROBM/challenge/robm-pixi/install/robm_tp4_nav/lib/python3.12/site-packages/robm_tp4_nav
[0.939s] copying /home/aichou/uni_projects/ROBM/challenge/robm-pixi/build/robm_tp4_nav/build/lib/robm_tp4_nav/control_heading.py -> /home/aichou/uni_projects/ROBM/challenge/robm-pixi/install/robm_tp4_nav/lib/python3.12/site-packages/robm_tp4_nav
[0.939s] byte-compiling /home/aichou/uni_projects/ROBM/challenge/robm-pixi/install/robm_tp4_nav/lib/python3.12/site-packages/robm_tp4_nav/move.py to move.cpython-312.pyc
[0.940s] byte-compiling /home/aichou/uni_projects/ROBM/challenge/robm-pixi/install/robm_tp4_nav/lib/python3.12/site-packages/robm_tp4_nav/obstacle_avoid.py to obstacle_avoid.cpython-312.pyc
[0.940s] byte-compiling /home/aichou/uni_projects/ROBM/challenge/robm-pixi/install/robm_tp4_nav/lib/python3.12/site-packages/robm_tp4_nav/line_follower_pusher.py to line_follower_pusher.cpython-312.pyc
[0.941s] byte-compiling /home/aichou/uni_projects/ROBM/challenge/robm-pixi/install/robm_tp4_nav/lib/python3.12/site-packages/robm_tp4_nav/waypoints.py to waypoints.cpython-312.pyc
[0.941s] byte-compiling /home/aichou/uni_projects/ROBM/challenge/robm-pixi/install/robm_tp4_nav/lib/python3.12/site-packages/robm_tp4_nav/__init__.py to __init__.cpython-312.pyc
[0.941s] byte-compiling /home/aichou/uni_projects/ROBM/challenge/robm-pixi/install/robm_tp4_nav/lib/python3.12/site-packages/robm_tp4_nav/control_heading.py to control_heading.cpython-312.pyc
[0.942s] running install_data
[0.942s] creating /home/aichou/uni_projects/ROBM/challenge/robm-pixi/install/robm_tp4_nav/share/ament_index/resource_index/packages
[0.942s] copying resource/robm_tp4_nav -> /home/aichou/uni_projects/ROBM/challenge/robm-pixi/install/robm_tp4_nav/share/ament_index/resource_index/packages
[0.942s] copying package.xml -> /home/aichou/uni_projects/ROBM/challenge/robm-pixi/install/robm_tp4_nav/share/robm_tp4_nav
[0.942s] creating /home/aichou/uni_projects/ROBM/challenge/robm-pixi/install/robm_tp4_nav/share/robm_tp4_nav/launch
[0.942s] copying launch/move_launch.xml -> /home/aichou/uni_projects/ROBM/challenge/robm-pixi/install/robm_tp4_nav/share/robm_tp4_nav/launch
[0.942s] copying launch/control_heading_launch.xml -> /home/aichou/uni_projects/ROBM/challenge/robm-pixi/install/robm_tp4_nav/share/robm_tp4_nav/launch
[0.942s] copying launch/move_avoid_launch.xml -> /home/aichou/uni_projects/ROBM/challenge/robm-pixi/install/robm_tp4_nav/share/robm_tp4_nav/launch
[0.942s] running install_egg_info
[0.951s] Copying ../../build/robm_tp4_nav/robm_tp4_nav.egg-info to /home/aichou/uni_projects/ROBM/challenge/robm-pixi/install/robm_tp4_nav/lib/python3.12/site-packages/robm_tp4_nav-0.1.1-py3.12.egg-info
[0.952s] running install_scripts
[0.997s] Installing control_heading script to /home/aichou/uni_projects/ROBM/challenge/robm-pixi/install/robm_tp4_nav/lib/robm_tp4_nav
[0.997s] Installing line_follower script to /home/aichou/uni_projects/ROBM/challenge/robm-pixi/install/robm_tp4_nav/lib/robm_tp4_nav
[0.997s] Installing move script to /home/aichou/uni_projects/ROBM/challenge/robm-pixi/install/robm_tp4_nav/lib/robm_tp4_nav
[0.998s] Installing obstacle_avoid script to /home/aichou/uni_projects/ROBM/challenge/robm-pixi/install/robm_tp4_nav/lib/robm_tp4_nav
[0.998s] Installing waypoints script to /home/aichou/uni_projects/ROBM/challenge/robm-pixi/install/robm_tp4_nav/lib/robm_tp4_nav
[0.998s] writing list of installed files to '/home/aichou/uni_projects/ROBM/challenge/robm-pixi/build/robm_tp4_nav/install.log'
[1.014s] Invoked command in '/home/aichou/uni_projects/ROBM/challenge/robm-pixi/src/robm_tp4_nav' returned '0': PIXI_PROMPT=(robm) PS1=(robm) \[\e]0;\u@\h: \w\a\]${debian_chroot:+($debian_chroot)}\[\033[01;32m\]\u@\h\[\033[00m\]:\[\033[01;34m\]\w\[\033[00m\]\$ PYTHONPATH=/home/aichou/uni_projects/ROBM/challenge/robm-pixi/build/robm_tp4_nav/prefix_override:/home/aichou/uni_projects/ROBM/challenge/robm-pixi/.pixi/envs/default/lib/python3.12/site-packages/colcon_core/task/python/colcon_distutils_commands:/home/aichou/uni_projects/ROBM/challenge/robm-pixi/install/robm_tp4_nav/lib/python3.12/site-packages:/home/aichou/uni_projects/ROBM/challenge/robm-pixi/install/robm_bridge/lib/python3.12/site-packages:/home/aichou/uni_projects/ROBM/challenge/robm-pixi/install/robm_interfaces/lib/python3.12/site-packages:/home/aichou/uni_projects/ROBM/challenge/robm-pixi/build/robm_bridge:/home/aichou/uni_projects/ROBM/challenge/robm-pixi/.pixi/envs/default/lib/python/site-packages:/home/aichou/uni_projects/ROBM/challenge/robm-pixi/.pixi/envs/default/lib/python3.12/site-packages /home/aichou/uni_projects/ROBM/challenge/robm-pixi/.pixi/envs/default/bin/python3.12 -W ignore:setup.py install is deprecated -W ignore:easy_install command is deprecated setup.py egg_info --egg-base ../../build/robm_tp4_nav build --build-base /home/aichou/uni_projects/ROBM/challenge/robm-pixi/build/robm_tp4_nav/build install --record /home/aichou/uni_projects/ROBM/challenge/robm-pixi/build/robm_tp4_nav/install.log --single-version-externally-managed install_data
