[0.684s] Invoking command in '/home/aichou/uni_projects/ROBM/challenge/robm-pixi/build/robm_bridge': PIXI_PROMPT=(robm) PS1=(robm) \[\e]0;\u@\h: \w\a\]${debian_chroot:+($debian_chroot)}\[\033[01;32m\]\u@\h\[\033[00m\]:\[\033[01;34m\]\w\[\033[00m\]\$ PYTHONPATH=/home/aichou/uni_projects/ROBM/challenge/robm-pixi/build/robm_bridge/prefix_override:/home/aichou/uni_projects/ROBM/challenge/robm-pixi/.pixi/envs/default/lib/python3.12/site-packages/colcon_core/task/python/colcon_distutils_commands:/home/aichou/uni_projects/ROBM/challenge/robm-pixi/install/robm_bridge/lib/python3.12/site-packages:/home/aichou/uni_projects/ROBM/challenge/robm-pixi/install/robm_interfaces/lib/python3.12/site-packages:/home/aichou/uni_projects/ROBM/challenge/robm-pixi/build/robm_bridge:/home/aichou/uni_projects/ROBM/challenge/robm-pixi/install/robm_bridge/lib/python3.12/site-packages:/home/aichou/uni_projects/ROBM/challenge/robm-pixi/.pixi/envs/default/lib/python/site-packages:/home/aichou/uni_projects/ROBM/challenge/robm-pixi/.pixi/envs/default/lib/python3.12/site-packages /home/aichou/uni_projects/ROBM/challenge/robm-pixi/.pixi/envs/default/bin/python3.12 -W ignore:setup.py install is deprecated -W ignore:easy_install command is deprecated setup.py develop --uninstall --editable --build-directory /home/aichou/uni_projects/ROBM/challenge/robm-pixi/build/robm_bridge/build
[0.783s] /home/aichou/uni_projects/ROBM/challenge/robm-pixi/.pixi/envs/default/lib/python3.12/site-packages/setuptools/_distutils/dist.py:289: UserWarning: Unknown distribution option: 'tests_require'
[0.783s]   warnings.warn(msg)
[0.841s] running develop
[0.946s] Removing /home/aichou/uni_projects/ROBM/challenge/robm-pixi/install/robm_bridge/lib/python3.12/site-packages/robm-bridge.egg-link (link to .)
[0.966s] Invoked command in '/home/aichou/uni_projects/ROBM/challenge/robm-pixi/build/robm_bridge' returned '0': PIXI_PROMPT=(robm) PS1=(robm) \[\e]0;\u@\h: \w\a\]${debian_chroot:+($debian_chroot)}\[\033[01;32m\]\u@\h\[\033[00m\]:\[\033[01;34m\]\w\[\033[00m\]\$ PYTHONPATH=/home/aichou/uni_projects/ROBM/challenge/robm-pixi/build/robm_bridge/prefix_override:/home/aichou/uni_projects/ROBM/challenge/robm-pixi/.pixi/envs/default/lib/python3.12/site-packages/colcon_core/task/python/colcon_distutils_commands:/home/aichou/uni_projects/ROBM/challenge/robm-pixi/install/robm_bridge/lib/python3.12/site-packages:/home/aichou/uni_projects/ROBM/challenge/robm-pixi/install/robm_interfaces/lib/python3.12/site-packages:/home/aichou/uni_projects/ROBM/challenge/robm-pixi/build/robm_bridge:/home/aichou/uni_projects/ROBM/challenge/robm-pixi/install/robm_bridge/lib/python3.12/site-packages:/home/aichou/uni_projects/ROBM/challenge/robm-pixi/.pixi/envs/default/lib/python/site-packages:/home/aichou/uni_projects/ROBM/challenge/robm-pixi/.pixi/envs/default/lib/python3.12/site-packages /home/aichou/uni_projects/ROBM/challenge/robm-pixi/.pixi/envs/default/bin/python3.12 -W ignore:setup.py install is deprecated -W ignore:easy_install command is deprecated setup.py develop --uninstall --editable --build-directory /home/aichou/uni_projects/ROBM/challenge/robm-pixi/build/robm_bridge/build
[0.969s] Invoking command in '/home/aichou/uni_projects/ROBM/challenge/robm-pixi/src/robm_bridge': PIXI_PROMPT=(robm) PS1=(robm) \[\e]0;\u@\h: \w\a\]${debian_chroot:+($debian_chroot)}\[\033[01;32m\]\u@\h\[\033[00m\]:\[\033[01;34m\]\w\[\033[00m\]\$ PYTHONPATH=/home/aichou/uni_projects/ROBM/challenge/robm-pixi/build/robm_bridge/prefix_override:/home/aichou/uni_projects/ROBM/challenge/robm-pixi/.pixi/envs/default/lib/python3.12/site-packages/colcon_core/task/python/colcon_distutils_commands:/home/aichou/uni_projects/ROBM/challenge/robm-pixi/install/robm_bridge/lib/python3.12/site-packages:/home/aichou/uni_projects/ROBM/challenge/robm-pixi/install/robm_interfaces/lib/python3.12/site-packages:/home/aichou/uni_projects/ROBM/challenge/robm-pixi/build/robm_bridge:/home/aichou/uni_projects/ROBM/challenge/robm-pixi/install/robm_bridge/lib/python3.12/site-packages:/home/aichou/uni_projects/ROBM/challenge/robm-pixi/.pixi/envs/default/lib/python/site-packages:/home/aichou/uni_projects/ROBM/challenge/robm-pixi/.pixi/envs/default/lib/python3.12/site-packages /home/aichou/uni_projects/ROBM/challenge/robm-pixi/.pixi/envs/default/bin/python3.12 -W ignore:setup.py install is deprecated -W ignore:easy_install command is deprecated setup.py egg_info --egg-base ../../build/robm_bridge build --build-base /home/aichou/uni_projects/ROBM/challenge/robm-pixi/build/robm_bridge/build install --record /home/aichou/uni_projects/ROBM/challenge/robm-pixi/build/robm_bridge/install.log --single-version-externally-managed install_data --force
[1.057s] /home/aichou/uni_projects/ROBM/challenge/robm-pixi/.pixi/envs/default/lib/python3.12/site-packages/setuptools/_distutils/dist.py:289: UserWarning: Unknown distribution option: 'tests_require'
[1.057s]   warnings.warn(msg)
[1.115s] running egg_info
[1.124s] writing ../../build/robm_bridge/robm_bridge.egg-info/PKG-INFO
[1.124s] writing dependency_links to ../../build/robm_bridge/robm_bridge.egg-info/dependency_links.txt
[1.124s] writing entry points to ../../build/robm_bridge/robm_bridge.egg-info/entry_points.txt
[1.124s] writing requirements to ../../build/robm_bridge/robm_bridge.egg-info/requires.txt
[1.124s] writing top-level names to ../../build/robm_bridge/robm_bridge.egg-info/top_level.txt
[1.144s] reading manifest file '../../build/robm_bridge/robm_bridge.egg-info/SOURCES.txt'
[1.144s] adding license file 'LICENSE'
[1.145s] writing manifest file '../../build/robm_bridge/robm_bridge.egg-info/SOURCES.txt'
[1.145s] running build
[1.145s] running build_py
[1.145s] creating /home/aichou/uni_projects/ROBM/challenge/robm-pixi/build/robm_bridge/build/lib/robm_bridge
[1.145s] copying robm_bridge/zenoh_bridge.py -> /home/aichou/uni_projects/ROBM/challenge/robm-pixi/build/robm_bridge/build/lib/robm_bridge
[1.146s] copying robm_bridge/__init__.py -> /home/aichou/uni_projects/ROBM/challenge/robm-pixi/build/robm_bridge/build/lib/robm_bridge
[1.146s] copying robm_bridge/bridge_node.py -> /home/aichou/uni_projects/ROBM/challenge/robm-pixi/build/robm_bridge/build/lib/robm_bridge
[1.146s] copying robm_bridge/udp_bridge.py -> /home/aichou/uni_projects/ROBM/challenge/robm-pixi/build/robm_bridge/build/lib/robm_bridge
[1.146s] running install
[1.149s] running install_lib
[1.158s] creating /home/aichou/uni_projects/ROBM/challenge/robm-pixi/install/robm_bridge/lib/python3.12/site-packages/robm_bridge
[1.159s] copying /home/aichou/uni_projects/ROBM/challenge/robm-pixi/build/robm_bridge/build/lib/robm_bridge/zenoh_bridge.py -> /home/aichou/uni_projects/ROBM/challenge/robm-pixi/install/robm_bridge/lib/python3.12/site-packages/robm_bridge
[1.159s] copying /home/aichou/uni_projects/ROBM/challenge/robm-pixi/build/robm_bridge/build/lib/robm_bridge/__init__.py -> /home/aichou/uni_projects/ROBM/challenge/robm-pixi/install/robm_bridge/lib/python3.12/site-packages/robm_bridge
[1.159s] copying /home/aichou/uni_projects/ROBM/challenge/robm-pixi/build/robm_bridge/build/lib/robm_bridge/bridge_node.py -> /home/aichou/uni_projects/ROBM/challenge/robm-pixi/install/robm_bridge/lib/python3.12/site-packages/robm_bridge
[1.159s] copying /home/aichou/uni_projects/ROBM/challenge/robm-pixi/build/robm_bridge/build/lib/robm_bridge/udp_bridge.py -> /home/aichou/uni_projects/ROBM/challenge/robm-pixi/install/robm_bridge/lib/python3.12/site-packages/robm_bridge
[1.159s] byte-compiling /home/aichou/uni_projects/ROBM/challenge/robm-pixi/install/robm_bridge/lib/python3.12/site-packages/robm_bridge/zenoh_bridge.py to zenoh_bridge.cpython-312.pyc
[1.160s] byte-compiling /home/aichou/uni_projects/ROBM/challenge/robm-pixi/install/robm_bridge/lib/python3.12/site-packages/robm_bridge/__init__.py to __init__.cpython-312.pyc
[1.160s] byte-compiling /home/aichou/uni_projects/ROBM/challenge/robm-pixi/install/robm_bridge/lib/python3.12/site-packages/robm_bridge/bridge_node.py to bridge_node.cpython-312.pyc
[1.161s] byte-compiling /home/aichou/uni_projects/ROBM/challenge/robm-pixi/install/robm_bridge/lib/python3.12/site-packages/robm_bridge/udp_bridge.py to udp_bridge.cpython-312.pyc
[1.162s] running install_data
[1.162s] copying resource/robm_bridge -> /home/aichou/uni_projects/ROBM/challenge/robm-pixi/install/robm_bridge/share/ament_index/resource_index/packages
[1.162s] copying package.xml -> /home/aichou/uni_projects/ROBM/challenge/robm-pixi/install/robm_bridge/share/robm_bridge
[1.162s] running install_egg_info
[1.172s] Copying ../../build/robm_bridge/robm_bridge.egg-info to /home/aichou/uni_projects/ROBM/challenge/robm-pixi/install/robm_bridge/lib/python3.12/site-packages/robm_bridge-0.2.0-py3.12.egg-info
[1.174s] running install_scripts
[1.220s] Installing udp_bridge script to /home/aichou/uni_projects/ROBM/challenge/robm-pixi/install/robm_bridge/lib/robm_bridge
[1.221s] Installing zenoh_bridge script to /home/aichou/uni_projects/ROBM/challenge/robm-pixi/install/robm_bridge/lib/robm_bridge
[1.221s] writing list of installed files to '/home/aichou/uni_projects/ROBM/challenge/robm-pixi/build/robm_bridge/install.log'
[1.242s] Invoked command in '/home/aichou/uni_projects/ROBM/challenge/robm-pixi/src/robm_bridge' returned '0': PIXI_PROMPT=(robm) PS1=(robm) \[\e]0;\u@\h: \w\a\]${debian_chroot:+($debian_chroot)}\[\033[01;32m\]\u@\h\[\033[00m\]:\[\033[01;34m\]\w\[\033[00m\]\$ PYTHONPATH=/home/aichou/uni_projects/ROBM/challenge/robm-pixi/build/robm_bridge/prefix_override:/home/aichou/uni_projects/ROBM/challenge/robm-pixi/.pixi/envs/default/lib/python3.12/site-packages/colcon_core/task/python/colcon_distutils_commands:/home/aichou/uni_projects/ROBM/challenge/robm-pixi/install/robm_bridge/lib/python3.12/site-packages:/home/aichou/uni_projects/ROBM/challenge/robm-pixi/install/robm_interfaces/lib/python3.12/site-packages:/home/aichou/uni_projects/ROBM/challenge/robm-pixi/build/robm_bridge:/home/aichou/uni_projects/ROBM/challenge/robm-pixi/install/robm_bridge/lib/python3.12/site-packages:/home/aichou/uni_projects/ROBM/challenge/robm-pixi/.pixi/envs/default/lib/python/site-packages:/home/aichou/uni_projects/ROBM/challenge/robm-pixi/.pixi/envs/default/lib/python3.12/site-packages /home/aichou/uni_projects/ROBM/challenge/robm-pixi/.pixi/envs/default/bin/python3.12 -W ignore:setup.py install is deprecated -W ignore:easy_install command is deprecated setup.py egg_info --egg-base ../../build/robm_bridge build --build-base /home/aichou/uni_projects/ROBM/challenge/robm-pixi/build/robm_bridge/build install --record /home/aichou/uni_projects/ROBM/challenge/robm-pixi/build/robm_bridge/install.log --single-version-externally-managed install_data --force
