[0.848s] Invoking command in '/home/aichou/uni_projects/ROBM/challenge/robm-pixi/build/robm_bridge': CONDA_ENV_SHLVL_2_PIXI_PROMPT=(robm) PIXI_PROMPT=(robm) PS1=(robm) \[\e]0;\u@\h: \w\a\]${debian_chroot:+($debian_chroot)}\[\033[01;32m\]\u@\h\[\033[00m\]:\[\033[01;34m\]\w\[\033[00m\]\$ PYTHONPATH=/home/aichou/uni_projects/ROBM/challenge/robm-pixi/build/robm_bridge/prefix_override:/home/aichou/uni_projects/ROBM/challenge/robm-pixi/.pixi/envs/default/lib/python3.12/site-packages/colcon_core/task/python/colcon_distutils_commands:/home/aichou/uni_projects/ROBM/challenge/robm-pixi/install/robm_bridge/lib/python3.12/site-packages:/home/aichou/uni_projects/ROBM/challenge/robm-pixi/install/robm_interfaces/lib/python3.12/site-packages:/home/aichou/uni_projects/ROBM/challenge/robm-pixi/install/robm_tp4_nav/lib/python3.12/site-packages:/home/aichou/uni_projects/ROBM/challenge/robm-pixi/install/robm_bridge/lib/python3.12/site-packages:/home/aichou/uni_projects/ROBM/challenge/robm-pixi/.pixi/envs/default/lib/python/site-packages:/home/aichou/uni_projects/ROBM/challenge/robm-pixi/.pixi/envs/default/lib/python3.12/site-packages /home/aichou/uni_projects/ROBM/challenge/robm-pixi/.pixi/envs/default/bin/python3.12 -W ignore:setup.py install is deprecated -W ignore:easy_install command is deprecated setup.py develop --editable --build-directory /home/aichou/uni_projects/ROBM/challenge/robm-pixi/build/robm_bridge/build --no-deps symlink_data --force
[0.937s] /home/aichou/uni_projects/ROBM/challenge/robm-pixi/.pixi/envs/default/lib/python3.12/site-packages/setuptools/_distutils/dist.py:289: UserWarning: Unknown distribution option: 'tests_require'
[0.937s]   warnings.warn(msg)
[1.011s] running develop
[1.110s] running egg_info
[1.120s] writing robm_bridge.egg-info/PKG-INFO
[1.120s] writing dependency_links to robm_bridge.egg-info/dependency_links.txt
[1.120s] writing entry points to robm_bridge.egg-info/entry_points.txt
[1.120s] writing requirements to robm_bridge.egg-info/requires.txt
[1.120s] writing top-level names to robm_bridge.egg-info/top_level.txt
[1.138s] reading manifest file 'robm_bridge.egg-info/SOURCES.txt'
[1.139s] writing manifest file 'robm_bridge.egg-info/SOURCES.txt'
[1.149s] running build_ext
[1.149s] Creating /home/aichou/uni_projects/ROBM/challenge/robm-pixi/install/robm_bridge/lib/python3.12/site-packages/robm-bridge.egg-link (link to .)
[1.149s] Installing udp_bridge script to /home/aichou/uni_projects/ROBM/challenge/robm-pixi/install/robm_bridge/lib/robm_bridge
[1.149s] Installing zenoh_bridge script to /home/aichou/uni_projects/ROBM/challenge/robm-pixi/install/robm_bridge/lib/robm_bridge
[1.149s] 
[1.149s] Installed /home/aichou/uni_projects/ROBM/challenge/robm-pixi/build/robm_bridge
[1.149s] running symlink_data
[1.150s] symbolically linking /home/aichou/uni_projects/ROBM/challenge/robm-pixi/build/robm_bridge/resource/robm_bridge -> /home/aichou/uni_projects/ROBM/challenge/robm-pixi/install/robm_bridge/share/ament_index/resource_index/packages
[1.150s] symbolically linking /home/aichou/uni_projects/ROBM/challenge/robm-pixi/build/robm_bridge/package.xml -> /home/aichou/uni_projects/ROBM/challenge/robm-pixi/install/robm_bridge/share/robm_bridge
[1.169s] Invoked command in '/home/aichou/uni_projects/ROBM/challenge/robm-pixi/build/robm_bridge' returned '0': CONDA_ENV_SHLVL_2_PIXI_PROMPT=(robm) PIXI_PROMPT=(robm) PS1=(robm) \[\e]0;\u@\h: \w\a\]${debian_chroot:+($debian_chroot)}\[\033[01;32m\]\u@\h\[\033[00m\]:\[\033[01;34m\]\w\[\033[00m\]\$ PYTHONPATH=/home/aichou/uni_projects/ROBM/challenge/robm-pixi/build/robm_bridge/prefix_override:/home/aichou/uni_projects/ROBM/challenge/robm-pixi/.pixi/envs/default/lib/python3.12/site-packages/colcon_core/task/python/colcon_distutils_commands:/home/aichou/uni_projects/ROBM/challenge/robm-pixi/install/robm_bridge/lib/python3.12/site-packages:/home/aichou/uni_projects/ROBM/challenge/robm-pixi/install/robm_interfaces/lib/python3.12/site-packages:/home/aichou/uni_projects/ROBM/challenge/robm-pixi/install/robm_tp4_nav/lib/python3.12/site-packages:/home/aichou/uni_projects/ROBM/challenge/robm-pixi/install/robm_bridge/lib/python3.12/site-packages:/home/aichou/uni_projects/ROBM/challenge/robm-pixi/.pixi/envs/default/lib/python/site-packages:/home/aichou/uni_projects/ROBM/challenge/robm-pixi/.pixi/envs/default/lib/python3.12/site-packages /home/aichou/uni_projects/ROBM/challenge/robm-pixi/.pixi/envs/default/bin/python3.12 -W ignore:setup.py install is deprecated -W ignore:easy_install command is deprecated setup.py develop --editable --build-directory /home/aichou/uni_projects/ROBM/challenge/robm-pixi/build/robm_bridge/build --no-deps symlink_data --force
