[0.011s] Invoking command in '/home/aichou/uni_projects/ROBM/challenge/robm-pixi/build/robm_interfaces': CMAKE_PREFIX_PATH=${CMAKE_PREFIX_PATH}:/home/aichou/uni_projects/ROBM/challenge/robm-pixi/install/robm_bridge PIXI_PROMPT=(robm) PS1=(robm) \[\e]0;\u@\h: \w\a\]${debian_chroot:+($debian_chroot)}\[\033[01;32m\]\u@\h\[\033[00m\]:\[\033[01;34m\]\w\[\033[00m\]\$ /home/aichou/uni_projects/ROBM/challenge/robm-pixi/.pixi/envs/default/bin/cmake /home/aichou/uni_projects/ROBM/challenge/robm-pixi/src/robm_interfaces -DCMAKE_INSTALL_PREFIX=/home/aichou/uni_projects/ROBM/challenge/robm-pixi/install/robm_interfaces
[0.051s] [0mCMake Deprecation Warning at CMakeLists.txt:1 (cmake_minimum_required):
[0.051s]   Compatibility with CMake < 3.10 will be removed from a future version of
[0.051s]   CMake.
[0.051s] 
[0.051s]   Update the VERSION argument <min> value.  Or, use the <min>...<max> syntax
[0.051s]   to tell CMake that the project requires at least <min> but has been updated
[0.051s]   to work with policies introduced by <max> or earlier.
[0.051s] 
[0.051s] [0m
[0.065s] -- Found ament_cmake: 2.7.3 (/home/aichou/uni_projects/ROBM/challenge/robm-pixi/.pixi/envs/default/share/ament_cmake/cmake)
[0.084s] -- Found Python3: /home/aichou/uni_projects/ROBM/challenge/robm-pixi/.pixi/envs/default/bin/python3 (found version "3.12.12") found components: Interpreter
[0.144s] -- Override CMake install command with custom implementation using symlinks instead of copying resources
[0.166s] -- Found std_msgs: 5.5.0 (/home/aichou/uni_projects/ROBM/challenge/robm-pixi/.pixi/envs/default/share/std_msgs/cmake)
[0.301s] -- Found rosidl_generator_c: 4.9.5 (/home/aichou/uni_projects/ROBM/challenge/robm-pixi/.pixi/envs/default/share/rosidl_generator_c/cmake)
[0.314s] -- Found rosidl_generator_cpp: 4.9.5 (/home/aichou/uni_projects/ROBM/challenge/robm-pixi/.pixi/envs/default/share/rosidl_generator_cpp/cmake)
[0.332s] -- Using all available rosidl_typesupport_c: rosidl_typesupport_fastrtps_c;rosidl_typesupport_introspection_c
[0.350s] -- Using all available rosidl_typesupport_cpp: rosidl_typesupport_fastrtps_cpp;rosidl_typesupport_introspection_cpp
[0.384s] -- Found rosidl_default_generators: 1.7.1 (/home/aichou/uni_projects/ROBM/challenge/robm-pixi/.pixi/envs/default/share/rosidl_default_generators/cmake)
[0.393s] -- Found rosidl_adapter: 4.9.5 (/home/aichou/uni_projects/ROBM/challenge/robm-pixi/.pixi/envs/default/share/rosidl_adapter/cmake)
[0.570s] -- Found ament_cmake_ros_core: 0.14.3 (/home/aichou/uni_projects/ROBM/challenge/robm-pixi/.pixi/envs/default/share/ament_cmake_ros_core/cmake)
[0.707s] -- Using all available rosidl_typesupport_c: rosidl_typesupport_fastrtps_c;rosidl_typesupport_introspection_c
[0.758s] -- Using all available rosidl_typesupport_cpp: rosidl_typesupport_fastrtps_cpp;rosidl_typesupport_introspection_cpp
[0.944s] -- Found Python3: /home/aichou/uni_projects/ROBM/challenge/robm-pixi/.pixi/envs/default/bin/python3 (found version "3.12.12") found components: Interpreter Development NumPy Development.Module Development.Embed
[0.965s] -- Found ament_lint_auto: 0.19.2 (/home/aichou/uni_projects/ROBM/challenge/robm-pixi/.pixi/envs/default/share/ament_lint_auto/cmake)
[0.986s] -- Added test 'lint_cmake' to check CMake code style
[0.987s] -- Added test 'xmllint' to check XML markup files
[0.992s] -- Configuring done (0.9s)
[1.051s] -- Generating done (0.1s)
[1.057s] -- Build files have been written to: /home/aichou/uni_projects/ROBM/challenge/robm-pixi/build/robm_interfaces
[1.063s] Invoked command in '/home/aichou/uni_projects/ROBM/challenge/robm-pixi/build/robm_interfaces' returned '0': CMAKE_PREFIX_PATH=${CMAKE_PREFIX_PATH}:/home/aichou/uni_projects/ROBM/challenge/robm-pixi/install/robm_bridge PIXI_PROMPT=(robm) PS1=(robm) \[\e]0;\u@\h: \w\a\]${debian_chroot:+($debian_chroot)}\[\033[01;32m\]\u@\h\[\033[00m\]:\[\033[01;34m\]\w\[\033[00m\]\$ /home/aichou/uni_projects/ROBM/challenge/robm-pixi/.pixi/envs/default/bin/cmake /home/aichou/uni_projects/ROBM/challenge/robm-pixi/src/robm_interfaces -DCMAKE_INSTALL_PREFIX=/home/aichou/uni_projects/ROBM/challenge/robm-pixi/install/robm_interfaces
[1.065s] Invoking command in '/home/aichou/uni_projects/ROBM/challenge/robm-pixi/build/robm_interfaces': CMAKE_PREFIX_PATH=${CMAKE_PREFIX_PATH}:/home/aichou/uni_projects/ROBM/challenge/robm-pixi/install/robm_bridge PIXI_PROMPT=(robm) PS1=(robm) \[\e]0;\u@\h: \w\a\]${debian_chroot:+($debian_chroot)}\[\033[01;32m\]\u@\h\[\033[00m\]:\[\033[01;34m\]\w\[\033[00m\]\$ /home/aichou/uni_projects/ROBM/challenge/robm-pixi/.pixi/envs/default/bin/cmake --build /home/aichou/uni_projects/ROBM/challenge/robm-pixi/build/robm_interfaces -- -j22 -l22
[1.088s] [  1%] Built target robm_interfaces__rosidl_generator_type_description
[1.091s] [  1%] Built target ament_cmake_python_symlink_robm_interfaces
[1.097s] [  3%] Built target robm_interfaces__cpp
[1.105s] [ 25%] Built target robm_interfaces__rosidl_generator_c
[1.118s] [ 34%] Built target robm_interfaces__rosidl_typesupport_introspection_c
[1.118s] [ 43%] Built target robm_interfaces__rosidl_typesupport_c
[1.122s] [ 53%] Built target robm_interfaces__rosidl_typesupport_introspection_cpp
[1.122s] [ 62%] Built target robm_interfaces__rosidl_typesupport_fastrtps_cpp
[1.123s] [ 71%] Built target robm_interfaces__rosidl_typesupport_cpp
[1.124s] [ 81%] Built target robm_interfaces__rosidl_typesupport_fastrtps_c
[1.131s] [ 81%] Built target robm_interfaces
[1.139s] [ 82%] Built target robm_interfaces__py
[1.154s] [ 90%] Built target robm_interfaces__rosidl_generator_py
[1.166s] [100%] Built target robm_interfaces_s__rosidl_typesupport_fastrtps_c
[1.166s] [100%] Built target robm_interfaces_s__rosidl_typesupport_c
[1.166s] [100%] Built target robm_interfaces_s__rosidl_typesupport_introspection_c
[1.232s] running egg_info
[1.242s] writing robm_interfaces.egg-info/PKG-INFO
[1.242s] writing dependency_links to robm_interfaces.egg-info/dependency_links.txt
[1.242s] writing top-level names to robm_interfaces.egg-info/top_level.txt
[1.270s] reading manifest file 'robm_interfaces.egg-info/SOURCES.txt'
[1.271s] writing manifest file 'robm_interfaces.egg-info/SOURCES.txt'
[1.289s] [100%] Built target ament_cmake_python_build_robm_interfaces_egg
[1.294s] Invoked command in '/home/aichou/uni_projects/ROBM/challenge/robm-pixi/build/robm_interfaces' returned '0': CMAKE_PREFIX_PATH=${CMAKE_PREFIX_PATH}:/home/aichou/uni_projects/ROBM/challenge/robm-pixi/install/robm_bridge PIXI_PROMPT=(robm) PS1=(robm) \[\e]0;\u@\h: \w\a\]${debian_chroot:+($debian_chroot)}\[\033[01;32m\]\u@\h\[\033[00m\]:\[\033[01;34m\]\w\[\033[00m\]\$ /home/aichou/uni_projects/ROBM/challenge/robm-pixi/.pixi/envs/default/bin/cmake --build /home/aichou/uni_projects/ROBM/challenge/robm-pixi/build/robm_interfaces -- -j22 -l22
[1.299s] Invoking command in '/home/aichou/uni_projects/ROBM/challenge/robm-pixi/build/robm_interfaces': CMAKE_PREFIX_PATH=${CMAKE_PREFIX_PATH}:/home/aichou/uni_projects/ROBM/challenge/robm-pixi/install/robm_bridge PIXI_PROMPT=(robm) PS1=(robm) \[\e]0;\u@\h: \w\a\]${debian_chroot:+($debian_chroot)}\[\033[01;32m\]\u@\h\[\033[00m\]:\[\033[01;34m\]\w\[\033[00m\]\$ /home/aichou/uni_projects/ROBM/challenge/robm-pixi/.pixi/envs/default/bin/cmake --install /home/aichou/uni_projects/ROBM/challenge/robm-pixi/build/robm_interfaces
[1.303s] -- Install configuration: ""
[1.303s] -- Execute custom install script
[1.303s] -- Up-to-date symlink: /home/aichou/uni_projects/ROBM/challenge/robm-pixi/install/robm_interfaces/share/ament_index/resource_index/rosidl_interfaces/robm_interfaces
[1.303s] -- Up-to-date symlink: /home/aichou/uni_projects/ROBM/challenge/robm-pixi/install/robm_interfaces/share/robm_interfaces/msg/Color.json
[1.303s] -- Up-to-date symlink: /home/aichou/uni_projects/ROBM/challenge/robm-pixi/install/robm_interfaces/share/robm_interfaces/msg/RoverMotorsCmd.json
[1.303s] -- Up-to-date symlink: /home/aichou/uni_projects/ROBM/challenge/robm-pixi/install/robm_interfaces/share/robm_interfaces/msg/GripperCommand.json
[1.303s] -- Up-to-date symlink: /home/aichou/uni_projects/ROBM/challenge/robm-pixi/install/robm_interfaces/share/robm_interfaces/msg/ServoCommand.json
[1.303s] -- Up-to-date symlink: /home/aichou/uni_projects/ROBM/challenge/robm-pixi/install/robm_interfaces/include/robm_interfaces/robm_interfaces/msg/color.h
[1.304s] -- Up-to-date symlink: /home/aichou/uni_projects/ROBM/challenge/robm-pixi/install/robm_interfaces/include/robm_interfaces/robm_interfaces/msg/detail/color__functions.h
[1.304s] -- Up-to-date symlink: /home/aichou/uni_projects/ROBM/challenge/robm-pixi/install/robm_interfaces/include/robm_interfaces/robm_interfaces/msg/detail/color__struct.h
[1.304s] -- Up-to-date symlink: /home/aichou/uni_projects/ROBM/challenge/robm-pixi/install/robm_interfaces/include/robm_interfaces/robm_interfaces/msg/detail/color__type_support.h
[1.304s] -- Up-to-date symlink: /home/aichou/uni_projects/ROBM/challenge/robm-pixi/install/robm_interfaces/include/robm_interfaces/robm_interfaces/msg/detail/gripper_command__functions.h
[1.304s] -- Up-to-date symlink: /home/aichou/uni_projects/ROBM/challenge/robm-pixi/install/robm_interfaces/include/robm_interfaces/robm_interfaces/msg/detail/gripper_command__struct.h
[1.304s] -- Up-to-date symlink: /home/aichou/uni_projects/ROBM/challenge/robm-pixi/install/robm_interfaces/include/robm_interfaces/robm_interfaces/msg/detail/gripper_command__type_support.h
[1.304s] -- Up-to-date symlink: /home/aichou/uni_projects/ROBM/challenge/robm-pixi/install/robm_interfaces/include/robm_interfaces/robm_interfaces/msg/detail/rover_motors_cmd__functions.h
[1.304s] -- Up-to-date symlink: /home/aichou/uni_projects/ROBM/challenge/robm-pixi/install/robm_interfaces/include/robm_interfaces/robm_interfaces/msg/detail/rover_motors_cmd__struct.h
[1.304s] -- Up-to-date symlink: /home/aichou/uni_projects/ROBM/challenge/robm-pixi/install/robm_interfaces/include/robm_interfaces/robm_interfaces/msg/detail/rover_motors_cmd__type_support.h
[1.304s] -- Up-to-date symlink: /home/aichou/uni_projects/ROBM/challenge/robm-pixi/install/robm_interfaces/include/robm_interfaces/robm_interfaces/msg/detail/servo_command__functions.h
[1.304s] -- Up-to-date symlink: /home/aichou/uni_projects/ROBM/challenge/robm-pixi/install/robm_interfaces/include/robm_interfaces/robm_interfaces/msg/detail/servo_command__struct.h
[1.304s] -- Up-to-date symlink: /home/aichou/uni_projects/ROBM/challenge/robm-pixi/install/robm_interfaces/include/robm_interfaces/robm_interfaces/msg/detail/servo_command__type_support.h
[1.305s] -- Up-to-date symlink: /home/aichou/uni_projects/ROBM/challenge/robm-pixi/install/robm_interfaces/include/robm_interfaces/robm_interfaces/msg/gripper_command.h
[1.305s] -- Up-to-date symlink: /home/aichou/uni_projects/ROBM/challenge/robm-pixi/install/robm_interfaces/include/robm_interfaces/robm_interfaces/msg/rosidl_generator_c__visibility_control.h
[1.305s] -- Up-to-date symlink: /home/aichou/uni_projects/ROBM/challenge/robm-pixi/install/robm_interfaces/include/robm_interfaces/robm_interfaces/msg/rover_motors_cmd.h
[1.305s] -- Up-to-date symlink: /home/aichou/uni_projects/ROBM/challenge/robm-pixi/install/robm_interfaces/include/robm_interfaces/robm_interfaces/msg/servo_command.h
[1.305s] -- Up-to-date symlink: /home/aichou/uni_projects/ROBM/challenge/robm-pixi/install/robm_interfaces/share/robm_interfaces/environment/library_path.sh
[1.305s] -- Up-to-date symlink: /home/aichou/uni_projects/ROBM/challenge/robm-pixi/install/robm_interfaces/share/robm_interfaces/environment/library_path.dsv
[1.305s] -- Up-to-date symlink: /home/aichou/uni_projects/ROBM/challenge/robm-pixi/install/robm_interfaces/include/robm_interfaces/robm_interfaces/msg/detail/color__rosidl_typesupport_fastrtps_c.h
[1.305s] -- Up-to-date symlink: /home/aichou/uni_projects/ROBM/challenge/robm-pixi/install/robm_interfaces/include/robm_interfaces/robm_interfaces/msg/detail/gripper_command__rosidl_typesupport_fastrtps_c.h
[1.305s] -- Up-to-date symlink: /home/aichou/uni_projects/ROBM/challenge/robm-pixi/install/robm_interfaces/include/robm_interfaces/robm_interfaces/msg/detail/rover_motors_cmd__rosidl_typesupport_fastrtps_c.h
[1.305s] -- Up-to-date symlink: /home/aichou/uni_projects/ROBM/challenge/robm-pixi/install/robm_interfaces/include/robm_interfaces/robm_interfaces/msg/detail/servo_command__rosidl_typesupport_fastrtps_c.h
[1.305s] -- Up-to-date symlink: /home/aichou/uni_projects/ROBM/challenge/robm-pixi/install/robm_interfaces/include/robm_interfaces/robm_interfaces/msg/rosidl_typesupport_fastrtps_c__visibility_control.h
[1.305s] -- Up-to-date symlink: /home/aichou/uni_projects/ROBM/challenge/robm-pixi/install/robm_interfaces/include/robm_interfaces/robm_interfaces/msg/color.hpp
[1.305s] -- Up-to-date symlink: /home/aichou/uni_projects/ROBM/challenge/robm-pixi/install/robm_interfaces/include/robm_interfaces/robm_interfaces/msg/detail/color__builder.hpp
[1.305s] -- Up-to-date symlink: /home/aichou/uni_projects/ROBM/challenge/robm-pixi/install/robm_interfaces/include/robm_interfaces/robm_interfaces/msg/detail/color__struct.hpp
[1.305s] -- Up-to-date symlink: /home/aichou/uni_projects/ROBM/challenge/robm-pixi/install/robm_interfaces/include/robm_interfaces/robm_interfaces/msg/detail/color__traits.hpp
[1.305s] -- Up-to-date symlink: /home/aichou/uni_projects/ROBM/challenge/robm-pixi/install/robm_interfaces/include/robm_interfaces/robm_interfaces/msg/detail/color__type_support.hpp
[1.306s] -- Up-to-date symlink: /home/aichou/uni_projects/ROBM/challenge/robm-pixi/install/robm_interfaces/include/robm_interfaces/robm_interfaces/msg/detail/gripper_command__builder.hpp
[1.306s] -- Up-to-date symlink: /home/aichou/uni_projects/ROBM/challenge/robm-pixi/install/robm_interfaces/include/robm_interfaces/robm_interfaces/msg/detail/gripper_command__struct.hpp
[1.306s] -- Up-to-date symlink: /home/aichou/uni_projects/ROBM/challenge/robm-pixi/install/robm_interfaces/include/robm_interfaces/robm_interfaces/msg/detail/gripper_command__traits.hpp
[1.306s] -- Up-to-date symlink: /home/aichou/uni_projects/ROBM/challenge/robm-pixi/install/robm_interfaces/include/robm_interfaces/robm_interfaces/msg/detail/gripper_command__type_support.hpp
[1.306s] -- Up-to-date symlink: /home/aichou/uni_projects/ROBM/challenge/robm-pixi/install/robm_interfaces/include/robm_interfaces/robm_interfaces/msg/detail/rover_motors_cmd__builder.hpp
[1.306s] -- Up-to-date symlink: /home/aichou/uni_projects/ROBM/challenge/robm-pixi/install/robm_interfaces/include/robm_interfaces/robm_interfaces/msg/detail/rover_motors_cmd__struct.hpp
[1.306s] -- Up-to-date symlink: /home/aichou/uni_projects/ROBM/challenge/robm-pixi/install/robm_interfaces/include/robm_interfaces/robm_interfaces/msg/detail/rover_motors_cmd__traits.hpp
[1.306s] -- Up-to-date symlink: /home/aichou/uni_projects/ROBM/challenge/robm-pixi/install/robm_interfaces/include/robm_interfaces/robm_interfaces/msg/detail/rover_motors_cmd__type_support.hpp
[1.306s] -- Up-to-date symlink: /home/aichou/uni_projects/ROBM/challenge/robm-pixi/install/robm_interfaces/include/robm_interfaces/robm_interfaces/msg/detail/servo_command__builder.hpp
[1.306s] -- Up-to-date symlink: /home/aichou/uni_projects/ROBM/challenge/robm-pixi/install/robm_interfaces/include/robm_interfaces/robm_interfaces/msg/detail/servo_command__struct.hpp
[1.306s] -- Up-to-date symlink: /home/aichou/uni_projects/ROBM/challenge/robm-pixi/install/robm_interfaces/include/robm_interfaces/robm_interfaces/msg/detail/servo_command__traits.hpp
[1.306s] -- Up-to-date symlink: /home/aichou/uni_projects/ROBM/challenge/robm-pixi/install/robm_interfaces/include/robm_interfaces/robm_interfaces/msg/detail/servo_command__type_support.hpp
[1.307s] -- Up-to-date symlink: /home/aichou/uni_projects/ROBM/challenge/robm-pixi/install/robm_interfaces/include/robm_interfaces/robm_interfaces/msg/gripper_command.hpp
[1.307s] -- Up-to-date symlink: /home/aichou/uni_projects/ROBM/challenge/robm-pixi/install/robm_interfaces/include/robm_interfaces/robm_interfaces/msg/rosidl_generator_cpp__visibility_control.hpp
[1.307s] -- Up-to-date symlink: /home/aichou/uni_projects/ROBM/challenge/robm-pixi/install/robm_interfaces/include/robm_interfaces/robm_interfaces/msg/rover_motors_cmd.hpp
[1.307s] -- Up-to-date symlink: /home/aichou/uni_projects/ROBM/challenge/robm-pixi/install/robm_interfaces/include/robm_interfaces/robm_interfaces/msg/servo_command.hpp
[1.307s] -- Up-to-date symlink: /home/aichou/uni_projects/ROBM/challenge/robm-pixi/install/robm_interfaces/include/robm_interfaces/robm_interfaces/msg/detail/color__rosidl_typesupport_fastrtps_cpp.hpp
[1.307s] -- Up-to-date symlink: /home/aichou/uni_projects/ROBM/challenge/robm-pixi/install/robm_interfaces/include/robm_interfaces/robm_interfaces/msg/detail/gripper_command__rosidl_typesupport_fastrtps_cpp.hpp
[1.307s] -- Up-to-date symlink: /home/aichou/uni_projects/ROBM/challenge/robm-pixi/install/robm_interfaces/include/robm_interfaces/robm_interfaces/msg/detail/rover_motors_cmd__rosidl_typesupport_fastrtps_cpp.hpp
[1.307s] -- Up-to-date symlink: /home/aichou/uni_projects/ROBM/challenge/robm-pixi/install/robm_interfaces/include/robm_interfaces/robm_interfaces/msg/detail/servo_command__rosidl_typesupport_fastrtps_cpp.hpp
[1.307s] -- Up-to-date symlink: /home/aichou/uni_projects/ROBM/challenge/robm-pixi/install/robm_interfaces/include/robm_interfaces/robm_interfaces/msg/rosidl_typesupport_fastrtps_cpp__visibility_control.h
[1.307s] -- Up-to-date symlink: /home/aichou/uni_projects/ROBM/challenge/robm-pixi/install/robm_interfaces/include/robm_interfaces/robm_interfaces/msg/detail/color__rosidl_typesupport_introspection_c.h
[1.307s] -- Up-to-date symlink: /home/aichou/uni_projects/ROBM/challenge/robm-pixi/install/robm_interfaces/include/robm_interfaces/robm_interfaces/msg/detail/gripper_command__rosidl_typesupport_introspection_c.h
[1.307s] -- Up-to-date symlink: /home/aichou/uni_projects/ROBM/challenge/robm-pixi/install/robm_interfaces/include/robm_interfaces/robm_interfaces/msg/detail/rover_motors_cmd__rosidl_typesupport_introspection_c.h
[1.307s] -- Up-to-date symlink: /home/aichou/uni_projects/ROBM/challenge/robm-pixi/install/robm_interfaces/include/robm_interfaces/robm_interfaces/msg/detail/servo_command__rosidl_typesupport_introspection_c.h
[1.307s] -- Up-to-date symlink: /home/aichou/uni_projects/ROBM/challenge/robm-pixi/install/robm_interfaces/include/robm_interfaces/robm_interfaces/msg/rosidl_typesupport_introspection_c__visibility_control.h
[1.307s] -- Up-to-date symlink: /home/aichou/uni_projects/ROBM/challenge/robm-pixi/install/robm_interfaces/include/robm_interfaces/robm_interfaces/msg/detail/color__rosidl_typesupport_introspection_cpp.hpp
[1.308s] -- Up-to-date symlink: /home/aichou/uni_projects/ROBM/challenge/robm-pixi/install/robm_interfaces/include/robm_interfaces/robm_interfaces/msg/detail/gripper_command__rosidl_typesupport_introspection_cpp.hpp
[1.308s] -- Up-to-date symlink: /home/aichou/uni_projects/ROBM/challenge/robm-pixi/install/robm_interfaces/include/robm_interfaces/robm_interfaces/msg/detail/rover_motors_cmd__rosidl_typesupport_introspection_cpp.hpp
[1.308s] -- Up-to-date symlink: /home/aichou/uni_projects/ROBM/challenge/robm-pixi/install/robm_interfaces/include/robm_interfaces/robm_interfaces/msg/detail/servo_command__rosidl_typesupport_introspection_cpp.hpp
[1.308s] -- Up-to-date symlink: /home/aichou/uni_projects/ROBM/challenge/robm-pixi/install/robm_interfaces/share/robm_interfaces/environment/pythonpath.sh
[1.308s] -- Up-to-date symlink: /home/aichou/uni_projects/ROBM/challenge/robm-pixi/install/robm_interfaces/share/robm_interfaces/environment/pythonpath.dsv
[1.308s] -- Up-to-date symlink: /home/aichou/uni_projects/ROBM/challenge/robm-pixi/install/robm_interfaces/lib/python3.12/site-packages/robm_interfaces-0.1.0-py3.12.egg-info/PKG-INFO
[1.308s] -- Up-to-date symlink: /home/aichou/uni_projects/ROBM/challenge/robm-pixi/install/robm_interfaces/lib/python3.12/site-packages/robm_interfaces-0.1.0-py3.12.egg-info/SOURCES.txt
[1.308s] -- Up-to-date symlink: /home/aichou/uni_projects/ROBM/challenge/robm-pixi/install/robm_interfaces/lib/python3.12/site-packages/robm_interfaces-0.1.0-py3.12.egg-info/dependency_links.txt
[1.308s] -- Up-to-date symlink: /home/aichou/uni_projects/ROBM/challenge/robm-pixi/install/robm_interfaces/lib/python3.12/site-packages/robm_interfaces-0.1.0-py3.12.egg-info/top_level.txt
[1.309s] -- Up-to-date symlink: /home/aichou/uni_projects/ROBM/challenge/robm-pixi/install/robm_interfaces/lib/python3.12/site-packages/robm_interfaces/__init__.py
[1.309s] -- Up-to-date symlink: /home/aichou/uni_projects/ROBM/challenge/robm-pixi/install/robm_interfaces/lib/python3.12/site-packages/robm_interfaces/_robm_interfaces_s.ep.rosidl_typesupport_c.c
[1.309s] -- Up-to-date symlink: /home/aichou/uni_projects/ROBM/challenge/robm-pixi/install/robm_interfaces/lib/python3.12/site-packages/robm_interfaces/_robm_interfaces_s.ep.rosidl_typesupport_fastrtps_c.c
[1.309s] -- Up-to-date symlink: /home/aichou/uni_projects/ROBM/challenge/robm-pixi/install/robm_interfaces/lib/python3.12/site-packages/robm_interfaces/_robm_interfaces_s.ep.rosidl_typesupport_introspection_c.c
[1.309s] -- Up-to-date symlink: /home/aichou/uni_projects/ROBM/challenge/robm-pixi/install/robm_interfaces/lib/python3.12/site-packages/robm_interfaces/msg/__init__.py
[1.309s] -- Up-to-date symlink: /home/aichou/uni_projects/ROBM/challenge/robm-pixi/install/robm_interfaces/lib/python3.12/site-packages/robm_interfaces/msg/_color.py
[1.309s] -- Up-to-date symlink: /home/aichou/uni_projects/ROBM/challenge/robm-pixi/install/robm_interfaces/lib/python3.12/site-packages/robm_interfaces/msg/_color_s.c
[1.309s] -- Up-to-date symlink: /home/aichou/uni_projects/ROBM/challenge/robm-pixi/install/robm_interfaces/lib/python3.12/site-packages/robm_interfaces/msg/_gripper_command.py
[1.309s] -- Up-to-date symlink: /home/aichou/uni_projects/ROBM/challenge/robm-pixi/install/robm_interfaces/lib/python3.12/site-packages/robm_interfaces/msg/_gripper_command_s.c
[1.309s] -- Up-to-date symlink: /home/aichou/uni_projects/ROBM/challenge/robm-pixi/install/robm_interfaces/lib/python3.12/site-packages/robm_interfaces/msg/_rover_motors_cmd.py
[1.309s] -- Up-to-date symlink: /home/aichou/uni_projects/ROBM/challenge/robm-pixi/install/robm_interfaces/lib/python3.12/site-packages/robm_interfaces/msg/_rover_motors_cmd_s.c
[1.309s] -- Up-to-date symlink: /home/aichou/uni_projects/ROBM/challenge/robm-pixi/install/robm_interfaces/lib/python3.12/site-packages/robm_interfaces/msg/_servo_command.py
[1.310s] -- Up-to-date symlink: /home/aichou/uni_projects/ROBM/challenge/robm-pixi/install/robm_interfaces/lib/python3.12/site-packages/robm_interfaces/msg/_servo_command_s.c
[1.310s] -- Up-to-date symlink: /home/aichou/uni_projects/ROBM/challenge/robm-pixi/install/robm_interfaces/lib/python3.12/site-packages/robm_interfaces/robm_interfaces_s__rosidl_typesupport_c.so
[1.310s] -- Up-to-date symlink: /home/aichou/uni_projects/ROBM/challenge/robm-pixi/install/robm_interfaces/lib/python3.12/site-packages/robm_interfaces/robm_interfaces_s__rosidl_typesupport_fastrtps_c.so
[1.310s] -- Up-to-date symlink: /home/aichou/uni_projects/ROBM/challenge/robm-pixi/install/robm_interfaces/lib/python3.12/site-packages/robm_interfaces/robm_interfaces_s__rosidl_typesupport_introspection_c.so
[1.310s] -- Up-to-date symlink: /home/aichou/uni_projects/ROBM/challenge/robm-pixi/install/robm_interfaces/lib/python3.12/site-packages/robm_interfaces/robm_interfaces_s__rosidl_typesupport_fastrtps_c.so
[1.310s] -- Up-to-date symlink: /home/aichou/uni_projects/ROBM/challenge/robm-pixi/install/robm_interfaces/lib/python3.12/site-packages/robm_interfaces/robm_interfaces_s__rosidl_typesupport_introspection_c.so
[1.310s] -- Up-to-date symlink: /home/aichou/uni_projects/ROBM/challenge/robm-pixi/install/robm_interfaces/lib/python3.12/site-packages/robm_interfaces/robm_interfaces_s__rosidl_typesupport_c.so
[1.310s] -- Up-to-date symlink: /home/aichou/uni_projects/ROBM/challenge/robm-pixi/install/robm_interfaces/share/robm_interfaces/msg/Color.idl
[1.310s] -- Up-to-date symlink: /home/aichou/uni_projects/ROBM/challenge/robm-pixi/install/robm_interfaces/share/robm_interfaces/msg/RoverMotorsCmd.idl
[1.310s] -- Up-to-date symlink: /home/aichou/uni_projects/ROBM/challenge/robm-pixi/install/robm_interfaces/share/robm_interfaces/msg/GripperCommand.idl
[1.310s] -- Up-to-date symlink: /home/aichou/uni_projects/ROBM/challenge/robm-pixi/install/robm_interfaces/share/robm_interfaces/msg/ServoCommand.idl
[1.310s] -- Up-to-date symlink: /home/aichou/uni_projects/ROBM/challenge/robm-pixi/install/robm_interfaces/share/robm_interfaces/msg/Color.msg
[1.311s] -- Up-to-date symlink: /home/aichou/uni_projects/ROBM/challenge/robm-pixi/install/robm_interfaces/share/robm_interfaces/msg/RoverMotorsCmd.msg
[1.311s] -- Up-to-date symlink: /home/aichou/uni_projects/ROBM/challenge/robm-pixi/install/robm_interfaces/share/robm_interfaces/msg/GripperCommand.msg
[1.311s] -- Up-to-date symlink: /home/aichou/uni_projects/ROBM/challenge/robm-pixi/install/robm_interfaces/share/robm_interfaces/msg/ServoCommand.msg
[1.311s] -- Up-to-date symlink: /home/aichou/uni_projects/ROBM/challenge/robm-pixi/install/robm_interfaces/share/ament_index/resource_index/package_run_dependencies/robm_interfaces
[1.311s] -- Up-to-date symlink: /home/aichou/uni_projects/ROBM/challenge/robm-pixi/install/robm_interfaces/share/ament_index/resource_index/parent_prefix_path/robm_interfaces
[1.311s] -- Up-to-date symlink: /home/aichou/uni_projects/ROBM/challenge/robm-pixi/install/robm_interfaces/share/robm_interfaces/environment/ament_prefix_path.sh
[1.311s] -- Up-to-date symlink: /home/aichou/uni_projects/ROBM/challenge/robm-pixi/install/robm_interfaces/share/robm_interfaces/environment/ament_prefix_path.dsv
[1.311s] -- Up-to-date symlink: /home/aichou/uni_projects/ROBM/challenge/robm-pixi/install/robm_interfaces/share/robm_interfaces/environment/path.sh
[1.311s] -- Up-to-date symlink: /home/aichou/uni_projects/ROBM/challenge/robm-pixi/install/robm_interfaces/share/robm_interfaces/environment/path.dsv
[1.311s] -- Up-to-date symlink: /home/aichou/uni_projects/ROBM/challenge/robm-pixi/install/robm_interfaces/share/robm_interfaces/local_setup.bash
[1.311s] -- Up-to-date symlink: /home/aichou/uni_projects/ROBM/challenge/robm-pixi/install/robm_interfaces/share/robm_interfaces/local_setup.sh
[1.312s] -- Up-to-date symlink: /home/aichou/uni_projects/ROBM/challenge/robm-pixi/install/robm_interfaces/share/robm_interfaces/local_setup.zsh
[1.312s] -- Up-to-date symlink: /home/aichou/uni_projects/ROBM/challenge/robm-pixi/install/robm_interfaces/share/robm_interfaces/local_setup.dsv
[1.312s] -- Symlinking: /home/aichou/uni_projects/ROBM/challenge/robm-pixi/install/robm_interfaces/share/robm_interfaces/package.dsv
[1.315s] -- Up-to-date symlink: /home/aichou/uni_projects/ROBM/challenge/robm-pixi/install/robm_interfaces/share/ament_index/resource_index/packages/robm_interfaces
[1.315s] -- Up-to-date symlink: /home/aichou/uni_projects/ROBM/challenge/robm-pixi/install/robm_interfaces/share/robm_interfaces/cmake/rosidl_cmake-extras.cmake
[1.316s] -- Up-to-date symlink: /home/aichou/uni_projects/ROBM/challenge/robm-pixi/install/robm_interfaces/share/robm_interfaces/cmake/ament_cmake_export_dependencies-extras.cmake
[1.316s] -- Up-to-date symlink: /home/aichou/uni_projects/ROBM/challenge/robm-pixi/install/robm_interfaces/share/robm_interfaces/cmake/ament_cmake_export_include_directories-extras.cmake
[1.316s] -- Up-to-date symlink: /home/aichou/uni_projects/ROBM/challenge/robm-pixi/install/robm_interfaces/share/robm_interfaces/cmake/ament_cmake_export_libraries-extras.cmake
[1.316s] -- Up-to-date symlink: /home/aichou/uni_projects/ROBM/challenge/robm-pixi/install/robm_interfaces/share/robm_interfaces/cmake/ament_cmake_export_targets-extras.cmake
[1.316s] -- Up-to-date symlink: /home/aichou/uni_projects/ROBM/challenge/robm-pixi/install/robm_interfaces/share/robm_interfaces/cmake/rosidl_cmake_export_typesupport_targets-extras.cmake
[1.316s] -- Up-to-date symlink: /home/aichou/uni_projects/ROBM/challenge/robm-pixi/install/robm_interfaces/share/robm_interfaces/cmake/rosidl_cmake_export_typesupport_libraries-extras.cmake
[1.316s] -- Up-to-date symlink: /home/aichou/uni_projects/ROBM/challenge/robm-pixi/install/robm_interfaces/share/robm_interfaces/cmake/robm_interfacesConfig.cmake
[1.316s] -- Up-to-date symlink: /home/aichou/uni_projects/ROBM/challenge/robm-pixi/install/robm_interfaces/share/robm_interfaces/cmake/robm_interfacesConfig-version.cmake
[1.316s] -- Up-to-date symlink: /home/aichou/uni_projects/ROBM/challenge/robm-pixi/install/robm_interfaces/share/robm_interfaces/package.xml
[1.317s] -- Installing: /home/aichou/uni_projects/ROBM/challenge/robm-pixi/install/robm_interfaces/lib/librobm_interfaces__rosidl_generator_c.so
[1.319s] -- Installing: /home/aichou/uni_projects/ROBM/challenge/robm-pixi/install/robm_interfaces/lib/librobm_interfaces__rosidl_typesupport_fastrtps_c.so
[1.319s] -- Set non-toolchain portion of runtime path of "/home/aichou/uni_projects/ROBM/challenge/robm-pixi/install/robm_interfaces/lib/librobm_interfaces__rosidl_typesupport_fastrtps_c.so" to ""
[1.320s] -- Installing: /home/aichou/uni_projects/ROBM/challenge/robm-pixi/install/robm_interfaces/lib/librobm_interfaces__rosidl_typesupport_fastrtps_cpp.so
[1.320s] -- Set non-toolchain portion of runtime path of "/home/aichou/uni_projects/ROBM/challenge/robm-pixi/install/robm_interfaces/lib/librobm_interfaces__rosidl_typesupport_fastrtps_cpp.so" to ""
[1.321s] -- Installing: /home/aichou/uni_projects/ROBM/challenge/robm-pixi/install/robm_interfaces/lib/librobm_interfaces__rosidl_typesupport_introspection_c.so
[1.321s] -- Set non-toolchain portion of runtime path of "/home/aichou/uni_projects/ROBM/challenge/robm-pixi/install/robm_interfaces/lib/librobm_interfaces__rosidl_typesupport_introspection_c.so" to ""
[1.322s] -- Installing: /home/aichou/uni_projects/ROBM/challenge/robm-pixi/install/robm_interfaces/lib/librobm_interfaces__rosidl_typesupport_c.so
[1.322s] -- Set non-toolchain portion of runtime path of "/home/aichou/uni_projects/ROBM/challenge/robm-pixi/install/robm_interfaces/lib/librobm_interfaces__rosidl_typesupport_c.so" to ""
[1.323s] -- Installing: /home/aichou/uni_projects/ROBM/challenge/robm-pixi/install/robm_interfaces/lib/librobm_interfaces__rosidl_typesupport_introspection_cpp.so
[1.323s] -- Set non-toolchain portion of runtime path of "/home/aichou/uni_projects/ROBM/challenge/robm-pixi/install/robm_interfaces/lib/librobm_interfaces__rosidl_typesupport_introspection_cpp.so" to ""
[1.323s] -- Installing: /home/aichou/uni_projects/ROBM/challenge/robm-pixi/install/robm_interfaces/lib/librobm_interfaces__rosidl_typesupport_cpp.so
[1.324s] -- Set non-toolchain portion of runtime path of "/home/aichou/uni_projects/ROBM/challenge/robm-pixi/install/robm_interfaces/lib/librobm_interfaces__rosidl_typesupport_cpp.so" to ""
[1.346s] Listing '/home/aichou/uni_projects/ROBM/challenge/robm-pixi/install/robm_interfaces/lib/python3.12/site-packages/robm_interfaces'...
[1.346s] Compiling '/home/aichou/uni_projects/ROBM/challenge/robm-pixi/install/robm_interfaces/lib/python3.12/site-packages/robm_interfaces/__init__.py'...
[1.346s] Listing '/home/aichou/uni_projects/ROBM/challenge/robm-pixi/install/robm_interfaces/lib/python3.12/site-packages/robm_interfaces/msg'...
[1.349s] -- Installing: /home/aichou/uni_projects/ROBM/challenge/robm-pixi/install/robm_interfaces/lib/librobm_interfaces__rosidl_generator_py.so
[1.350s] -- Set non-toolchain portion of runtime path of "/home/aichou/uni_projects/ROBM/challenge/robm-pixi/install/robm_interfaces/lib/librobm_interfaces__rosidl_generator_py.so" to ""
[1.350s] -- Up-to-date: /home/aichou/uni_projects/ROBM/challenge/robm-pixi/install/robm_interfaces/share/robm_interfaces/cmake/export_robm_interfaces__rosidl_generator_cExport.cmake
[1.350s] -- Up-to-date: /home/aichou/uni_projects/ROBM/challenge/robm-pixi/install/robm_interfaces/share/robm_interfaces/cmake/export_robm_interfaces__rosidl_generator_cExport-noconfig.cmake
[1.350s] -- Up-to-date: /home/aichou/uni_projects/ROBM/challenge/robm-pixi/install/robm_interfaces/share/robm_interfaces/cmake/export_robm_interfaces__rosidl_typesupport_fastrtps_cExport.cmake
[1.350s] -- Up-to-date: /home/aichou/uni_projects/ROBM/challenge/robm-pixi/install/robm_interfaces/share/robm_interfaces/cmake/export_robm_interfaces__rosidl_typesupport_fastrtps_cExport-noconfig.cmake
[1.350s] -- Up-to-date: /home/aichou/uni_projects/ROBM/challenge/robm-pixi/install/robm_interfaces/share/robm_interfaces/cmake/export_robm_interfaces__rosidl_generator_cppExport.cmake
[1.351s] -- Up-to-date: /home/aichou/uni_projects/ROBM/challenge/robm-pixi/install/robm_interfaces/share/robm_interfaces/cmake/export_robm_interfaces__rosidl_typesupport_fastrtps_cppExport.cmake
[1.351s] -- Up-to-date: /home/aichou/uni_projects/ROBM/challenge/robm-pixi/install/robm_interfaces/share/robm_interfaces/cmake/export_robm_interfaces__rosidl_typesupport_fastrtps_cppExport-noconfig.cmake
[1.351s] -- Up-to-date: /home/aichou/uni_projects/ROBM/challenge/robm-pixi/install/robm_interfaces/share/robm_interfaces/cmake/robm_interfaces__rosidl_typesupport_introspection_cExport.cmake
[1.351s] -- Up-to-date: /home/aichou/uni_projects/ROBM/challenge/robm-pixi/install/robm_interfaces/share/robm_interfaces/cmake/robm_interfaces__rosidl_typesupport_introspection_cExport-noconfig.cmake
[1.351s] -- Up-to-date: /home/aichou/uni_projects/ROBM/challenge/robm-pixi/install/robm_interfaces/share/robm_interfaces/cmake/robm_interfaces__rosidl_typesupport_cExport.cmake
[1.351s] -- Up-to-date: /home/aichou/uni_projects/ROBM/challenge/robm-pixi/install/robm_interfaces/share/robm_interfaces/cmake/robm_interfaces__rosidl_typesupport_cExport-noconfig.cmake
[1.351s] -- Up-to-date: /home/aichou/uni_projects/ROBM/challenge/robm-pixi/install/robm_interfaces/share/robm_interfaces/cmake/robm_interfaces__rosidl_typesupport_introspection_cppExport.cmake
[1.352s] -- Up-to-date: /home/aichou/uni_projects/ROBM/challenge/robm-pixi/install/robm_interfaces/share/robm_interfaces/cmake/robm_interfaces__rosidl_typesupport_introspection_cppExport-noconfig.cmake
[1.352s] -- Up-to-date: /home/aichou/uni_projects/ROBM/challenge/robm-pixi/install/robm_interfaces/share/robm_interfaces/cmake/robm_interfaces__rosidl_typesupport_cppExport.cmake
[1.352s] -- Up-to-date: /home/aichou/uni_projects/ROBM/challenge/robm-pixi/install/robm_interfaces/share/robm_interfaces/cmake/robm_interfaces__rosidl_typesupport_cppExport-noconfig.cmake
[1.352s] -- Up-to-date: /home/aichou/uni_projects/ROBM/challenge/robm-pixi/install/robm_interfaces/share/robm_interfaces/cmake/export_robm_interfaces__rosidl_generator_pyExport.cmake
[1.352s] -- Up-to-date: /home/aichou/uni_projects/ROBM/challenge/robm-pixi/install/robm_interfaces/share/robm_interfaces/cmake/export_robm_interfaces__rosidl_generator_pyExport-noconfig.cmake
[1.353s] Invoked command in '/home/aichou/uni_projects/ROBM/challenge/robm-pixi/build/robm_interfaces' returned '0': CMAKE_PREFIX_PATH=${CMAKE_PREFIX_PATH}:/home/aichou/uni_projects/ROBM/challenge/robm-pixi/install/robm_bridge PIXI_PROMPT=(robm) PS1=(robm) \[\e]0;\u@\h: \w\a\]${debian_chroot:+($debian_chroot)}\[\033[01;32m\]\u@\h\[\033[00m\]:\[\033[01;34m\]\w\[\033[00m\]\$ /home/aichou/uni_projects/ROBM/challenge/robm-pixi/.pixi/envs/default/bin/cmake --install /home/aichou/uni_projects/ROBM/challenge/robm-pixi/build/robm_interfaces
